1***********************************************************************************************************************************



************************************************************************************************************************************



************************************************************************************************************************************



************************************************************************************************************************************







                                                SSSS   UU  UU  TTTTTT  RRRRR     AA  
                                               SS   S  UU  UU  T TT T  RR  RR   AAAA 
                                               SSSS    UU  UU    TT    RRRRR   AA  AA
                                                   SS  UU  UU    TT    RR R    AAAAAA
                                               SS  SS  UU  UU    TT    RR RR   AA  AA
                                                SSSS    UUUU     TT    RR  RR  AA  AA







                                     U N I T E D    S T A T E S   G E O L O G I C A L   S U R V E Y



                                             SUBSURFACE FLOW AND TRANSPORT SIMULATION MODEL


                                                        -SUTRA VERSION 2D3D.1-


                                    *  SATURATED-UNSATURATED FLOW AND SOLUTE OR ENERGY TRANSPORT  *







************************************************************************************************************************************



************************************************************************************************************************************



************************************************************************************************************************************



************************************************************************************************************************************
1

************************************************************************************************************************************


                    * * * * *   S U T R A   S O L U T E   T R A N S P O R T   S I M U L A T I O N   * * * * *


************************************************************************************************************************************





 -----------------------------------------------------------------------------------------------------------------------------------

                          Henry Problem from SUTRA Documentation                                          

                          variable-density benchmark problem                                              

 -----------------------------------------------------------------------------------------------------------------------------------





           F I L E   U N I T   A S S I G N M E N T S

             INPUT UNITS:
              INP FILE (MAIN INPUT)          50    ASSIGNED TO Henry2D_initial-p.inp                                                           
              ICS FILE (INITIAL CONDITIONS)  55    ASSIGNED TO Henry2D_initial-p.ics                                                           

             OUTPUT UNITS:
              SMY FILE (RUN SUMMARY)         80    ASSIGNED TO Henry2D_initial-p.smy                                                           
              LST FILE (GENERAL OUTPUT)      60    ASSIGNED TO Henry2D_initial-p.lst                                                           
              RST FILE (RESTART DATA)        66    ASSIGNED TO Henry2D_initial-p.rst                                                           
              NOD FILE (NODEWISE OUTPUT)     30    ASSIGNED TO Henry2D_initial-p.nod                                                           
              ELE FILE (VELOCITY OUTPUT)     40    ASSIGNED TO Henry2D_initial-p.ele                                                           
              OBS FILE (OBSERVATION OUTPUT)  70    ASSIGNED TO Henry2D_initial-p.obs                                                           




           S I M U L A T I O N   M O D E   O P T I O N S

           - ASSUME SATURATED FLOW ONLY
           - ASSUME STEADY-STATE FLOW FIELD CONSISTENT WITH INITIAL CONCENTRATION CONDITIONS
           - ASSUME STEADY-STATE TRANSPORT
           - COLD START - BEGIN NEW SIMULATION
           - STORE RESULTS AFTER EVERY     9999 TIME STEPS IN RESTART FILE AS BACKUP AND FOR USE IN A SIMULATION RESTART




           S I M U L A T I O N   C O N T R O L   N U M B E R S

              231     NUMBER OF NODES IN FINITE-ELEMENT MESH
              200     NUMBER OF ELEMENTS IN MESH

               11     EXACT NUMBER OF NODES IN MESH AT WHICH PRESSURE IS A SPECIFIED CONSTANT OR FUNCTION OF TIME
                0     EXACT NUMBER OF NODES IN MESH AT WHICH SOLUTE CONCENTRATION IS A SPECIFIED CONSTANT OR FUNCTION OF TIME

               11     EXACT NUMBER OF NODES AT WHICH FLUID INFLOW OR OUTFLOW IS A SPECIFIED CONSTANT OR FUNCTION OF TIME
                0     EXACT NUMBER OF NODES AT WHICH A SOURCE OR SINK OF SOLUTE MASS IS A SPECIFIED CONSTANT OR FUNCTION OF TIME

               10     EXACT NUMBER OF NODES AT WHICH PRESSURE AND CONCENTRATION WILL BE OBSERVED




           N U M E R I C A L   C O N T R O L   D A T A

                   0.00000     "UPSTREAM WEIGHTING" FACTOR
                1.0000D-01     SPECIFIED PRESSURE BOUNDARY CONDITION FACTOR
                1.0000D+00     SPECIFIED CONCENTRATION BOUNDARY CONDITION FACTOR
1



           T E M P O R A L   C O N T R O L   A N D   S O L U T I O N   C Y C L I N G   D A T A

                       100     MAXIMUM ALLOWED NUMBER OF TIME STEPS
                6.0000D+01     INITIAL TIME STEP (IN SECONDS)
                1.0000D+09     MAXIMUM ALLOWED SIMULATION TIME (IN SECONDS)

                      9999     TIME STEP MULTIPLIER CYCLE (IN TIME STEPS)
                   1.00000     MULTIPLICATION FACTOR FOR TIME STEP CHANGE
                1.0000D+99     MAXIMUM ALLOWED TIME STEP (IN SECONDS)

                         1     FLOW SOLUTION CYCLE (IN TIME STEPS)
                         1     TRANSPORT SOLUTION CYCLE (IN TIME STEPS)




           I T E R A T I O N   C O N T R O L   D A T A

             NON-ITERATIVE SOLUTION




           S O L V E R - R E L A T E D   P A R A M E T E R S

             SOLVER FOR P AND U: BANDED GAUSSIAN ELIMINATION (DIRECT)    




           O U T P U T   C O N T R O L S   A N D   O P T I O N S

             .LST FILE
             ---------

                 50     PRINTED OUTPUT CYCLE (IN TIME STEPS)

             - CANCEL PRINT OF NODE COORDINATES, THICKNESSES AND POROSITIES
             - CANCEL PRINT OF ELEMENT PERMEABILITIES AND DISPERSIVITIES
             - CANCEL PRINT OF NODE INCIDENCES IN EACH ELEMENT

             - CALCULATE AND PRINT VELOCITIES AT ELEMENT CENTROIDS ON EACH TIME STEP WITH OUTPUT

             - CALCULATE AND PRINT FLUID AND SOLUTE BUDGETS ON EACH TIME STEP WITH OUTPUT


             .NOD FILE
             ---------

                 50     PRINTED OUTPUT CYCLE (IN TIME STEPS)

             COLUMN 1:  X-COORDINATE             
             COLUMN 2:  Y-COORDINATE             
             COLUMN 3:  PRESSURE                 
             COLUMN 4:  CONCENTRATION/TEMPERATURE
             COLUMN 5:  SATURATION               


             .ELE FILE
             ---------

                 50     PRINTED OUTPUT CYCLE (IN TIME STEPS)

             COLUMN 1:  X-COORDINATE OF CENTROID 
             COLUMN 2:  Y-COORDINATE OF CENTROID 
             COLUMN 3:  X-VELOCITY               
             COLUMN 4:  Y-VELOCITY               


             .OBS FILE
             ---------

                  1     PRINTED OUTPUT CYCLE (IN TIME STEPS)





           O B S E R V A T I O N   N O D E S


             OBSERVATIONS WILL BE MADE EVERY     1 TIME STEPS,
             AS WELL AS ON THE FIRST AND LAST TIME STEP,
             FOR A TOTAL OF     1 TIME STEPS.


             **** NODES AT WHICH OBSERVATIONS WILL BE MADE ****


                    121       132       143       154       165       176       187       198       209       220
1



           C O N S T A N T   P R O P E R T I E S   O F   F L U I D   A N D   S O L I D   M A T R I X

                0.0000D+00     COMPRESSIBILITY OF FLUID
                0.0000D+00     COMPRESSIBILITY OF POROUS MATRIX

                1.0000D-03     FLUID VISCOSITY

                2.6000D+03     DENSITY OF A SOLID GRAIN

             FLUID DENSITY, RHOW
             CALCULATED BY SUTRA IN TERMS OF SOLUTE CONCENTRATION, U, AS:
             RHOW = RHOW0 + DRWDU*(U-URHOW0)

                1.0000D+03     FLUID BASE DENSITY, RHOW0
                7.0000D+02     COEFFICIENT OF DENSITY CHANGE WITH SOLUTE CONCENTRATION, DRWDU
                0.0000D+00     SOLUTE CONCENTRATION, URHOW0, AT WHICH FLUID DENSITY IS AT BASE VALUE, RHOW0

                1.8857D-05     MOLECULAR DIFFUSIVITY OF SOLUTE IN FLUID




           A D S O R P T I O N   P A R A M E T E R S

                NON-SORBING SOLUTE




           P R O D U C T I O N   A N D   D E C A Y   O F   S P E C I E S   M A S S

             PRODUCTION RATE (+)
             DECAY RATE (-)

                0.0000D+00     ZERO-ORDER RATE OF SOLUTE MASS PRODUCTION/DECAY IN FLUID
                0.0000D+00     ZERO-ORDER RATE OF ADSORBATE MASS PRODUCTION/DECAY IN IMMOBILE PHASE
                0.0000D+00     FIRST-ORDER RATE OF SOLUTE MASS PRODUCTION/DECAY IN FLUID
                0.0000D+00     FIRST-ORDER RATE OF ADSORBATE MASS PRODUCTION/DECAY IN IMMOBILE PHASE




           C O O R D I N A T E   O R I E N T A T I O N   T O   G R A V I T Y

             COMPONENT OF GRAVITY VECTOR
             IN +X DIRECTION, GRAVX
                0.0000D+00     GRAVX = -GRAV * D(ELEVATION)/DX

             COMPONENT OF GRAVITY VECTOR
             IN +Y DIRECTION, GRAVY
               -9.8000D+00     GRAVY = -GRAV * D(ELEVATION)/DY
1



           N O D E   I N F O R M A T I O N

                PRINTOUT OF NODE COORDINATES, THICKNESSES AND POROSITIES CANCELLED.

                SCALE FACTORS :
                                      1.0000D+00     X-SCALE
                                      1.0000D+00     Y-SCALE
                                      1.0000D+00     THICKNESS FACTOR
                                      1.0000D+00     POROSITY FACTOR




           E L E M E N T   I N F O R M A T I O N

                PRINTOUT OF ELEMENT PERMEABILITIES AND DISPERSIVITIES CANCELLED.

                SCALE FACTORS :
                                      1.0000D+00     MAXIMUM PERMEABILITY FACTOR
                                      1.0000D+00     MINIMUM PERMEABILITY FACTOR
                                      1.0000D+00     ANGLE FROM +X TO MAXIMUM DIRECTION FACTOR
                                      1.0000D+00     FACTOR FOR LONGITUDINAL DISPERSIVITY IN MAX-PERM DIRECTION
                                      1.0000D+00     FACTOR FOR LONGITUDINAL DISPERSIVITY IN MIN-PERM DIRECTION
                                      1.0000D+00     FACTOR FOR TRANSVERSE DISPERSIVITY IN MAX-PERM DIRECTION
                                      1.0000D+00     FACTOR FOR TRANSVERSE DISPERSIVITY IN MIN-PERM DIRECTION
1



           F L U I D   S O U R C E   D A T A



           **** NODES AT WHICH FLUID INFLOWS OR OUTFLOWS ARE SPECIFIED ****

           NODE NUMBER          FLUID INFLOW(+)/OUTFLOW(-)     SOLUTE CONCENTRATION OF
           (MINUS INDICATES     (FLUID MASS/SECOND)            INFLOWING FLUID
            TIME-VARYING                                       (MASS SOLUTE/MASS WATER)
            FLOW RATE OR
            CONCENTRATION)


                    1              3.3000000E-03                 0.0000000E+00
                    2              6.6000000E-03                 0.0000000E+00
                    3              6.6000000E-03                 0.0000000E+00
                    4              6.6000000E-03                 0.0000000E+00
                    5              6.6000000E-03                 0.0000000E+00
                    6              6.6000000E-03                 0.0000000E+00
                    7              6.6000000E-03                 0.0000000E+00
                    8              6.6000000E-03                 0.0000000E+00
                    9              6.6000000E-03                 0.0000000E+00
                   10              6.6000000E-03                 0.0000000E+00
                   11              3.3000000E-03                 0.0000000E+00
1



           B O U N D A R Y   C O N D I T I O N S


           **** NODES AT WHICH PRESSURES ARE SPECIFIED ****

                (AS WELL AS SOLUTE CONCENTRATION OF ANY
                 FLUID INFLOW WHICH MAY OCCUR AT THE POINT
                 OF SPECIFIED PRESSURE)

            NODE                  PRESSURE             CONCENTRATION


             221       0.0000000000000D+00       3.5700000000000D-02
             222       1.0044902000000D+03       3.5700000000000D-02
             223       2.0089804000000D+03       3.5700000000000D-02
             224       3.0134706000000D+03       3.5700000000000D-02
             225       4.0179608000000D+03       3.5700000000000D-02
             226       5.0224510000000D+03       3.5700000000000D-02
             227       6.0269412000000D+03       3.5700000000000D-02
             228       7.0314314000000D+03       3.5700000000000D-02
             229       8.0359216000000D+03       3.5700000000000D-02
             230       9.0404118000000D+03       3.5700000000000D-02
             231       1.0044902000000D+04       3.5700000000000D-02
1



           M E S H   C O N N E C T I O N   D A T A

                PRINTOUT OF NODAL INCIDENCES CANCELLED.




           **** MESH ANALYSIS ****




             MAXIMUM FULL BANDWIDTH,    25, WAS CALCULATED IN ELEMENT         1




           S I M U L A T I O N   D I M E N S I O N S

             REAL    ARRAYS WERE ALLOCATED        21639
             INTEGER ARRAYS WERE ALLOCATED         2543

                  0.183 Mbytes MEMORY USED FOR MAIN ARRAYS








------------------------------------------------------------------------------------------------------------------------------------
------------------------------------------------------------------------------------------------------------------------------------
------------------------------------------------------------------------------------------------------------------------------------
------------------------------------------------------------------------------------------------------------------------------------
------------------------------------------------------------------------------------------------------------------------------------
------------------------------------------------------------------------------------------------------------------------------------
------------------------------------------------------------------------------------------------------------------------------------
------------------------------------------------------------------------------------------------------------------------------------

1

           RESULTS FOR TIME STEP    0
           _______ ___ ____ ____ ____

           P-SOLUTION COMPUTED USING DIRECT SOLVER



           S  T  E  A  D  Y  -  S  T  A  T  E     P  R  E  S  S  U  R  E

        NODE                      NODE                      NODE                      NODE                      NODE
           1  2.51519908D+02         2  1.23153722D+03         3  2.21158748D+03         4  3.19166575D+03         5  4.17176437D+03
           6  5.15187370D+03         7  6.13198303D+03         8  7.11208166D+03         9  8.09215993D+03        10  9.07221018D+03
          11  1.00522275D+04        12  2.45034007D+02        13  1.22505220D+03        14  2.20510499D+03        15  3.18518722D+03
          16  4.16529084D+03        17  5.14540570D+03        18  6.12552056D+03        19  7.10562418D+03        20  8.08570641D+03
          21  9.06575920D+03        22  1.00457774D+04        23  2.38510494D+02        24  1.21853140D+03        25  2.19859208D+03
          26  3.17868660D+03        27  4.15880569D+03        28  5.13893770D+03        29  6.11906971D+03        30  7.09918881D+03
          31  8.07928332D+03        32  9.05934400D+03        33  1.00393649D+04        34  2.31943753D+02        35  1.21196950D+03
          36  2.19204420D+03        37  3.17216056D+03        38  4.15230717D+03        39  5.13246970D+03        40  6.11263222D+03
          41  7.09277884D+03        42  8.07289520D+03        43  9.05296990D+03        44  1.00329956D+04        45  2.25323792D+02
          46  1.20535697D+03        47  2.18545326D+03        48  3.16560324D+03        49  4.14579221D+03        50  5.12600170D+03
          51  6.10621118D+03        52  7.08640016D+03        53  8.06655013D+03        54  9.04664642D+03        55  1.00266796D+04
          56  2.18635234D+02        57  1.19867921D+03        58  2.17880683D+03        59  3.15900560D+03        60  4.13925606D+03
          61  5.11953370D+03        62  6.09981133D+03        63  7.08006180D+03        64  8.06026057D+03        65  9.04038818D+03
          66  1.00204322D+04        67  2.11855758D+02        68  1.19191498D+03        69  2.17208684D+03        70  3.15235452D+03
          71  4.13269181D+03        72  5.11306570D+03        73  6.09343958D+03        74  7.07377687D+03        75  8.05404455D+03
          76  9.03421641D+03        77  1.00142756D+04        78  2.04953843D+02        79  1.18503431D+03        80  2.16526781D+03
          81  3.14563150D+03        82  4.12608974D+03        83  5.10659770D+03        84  6.08710565D+03        85  7.06756390D+03
          86  8.04792758D+03        87  9.02816108D+03        88  1.00082415D+04        89  1.97885567D+02        90  1.17799542D+03
          91  2.15831422D+03        92  3.13881072D+03        93  4.11943629D+03        94  5.10012970D+03        95  6.08082311D+03
          96  7.06144867D+03        97  8.04194517D+03        98  9.02226396D+03        99  1.00023738D+04       100  1.90590151D+02
         101  1.17074054D+03       102  2.15117694D+03       103  3.13185653D+03       104  4.11271271D+03       105  5.09366170D+03
         106  6.07461068D+03       107  7.05546686D+03       108  8.03614644D+03       109  9.01658284D+03       110  9.99673322D+03
         111  1.82983767D+02       112  1.16318997D+03       113  2.14378828D+03       114  3.12471984D+03       115  4.10589325D+03
         116  5.08719370D+03       117  6.06849415D+03       118  7.04966755D+03       119  8.03059910D+03       120  9.01119739D+03
         121  9.99140360D+03       122  1.74950932D+02       123  1.15523401D+03       124  2.13605517D+03       125  3.11733325D+03
         126  4.09894256D+03       127  5.08072571D+03       128  6.06250885D+03       129  7.04411815D+03       130  8.02539620D+03
         131  9.00621734D+03       132  9.98650041D+03       133  1.66332502D+02       134  1.14672161D+03       135  2.12784984D+03
         136  3.10960457D+03       137  4.09181246D+03       138  5.07425773D+03       139  6.05670298D+03       140  7.03891083D+03
         141  8.02066552D+03       142  9.00179371D+03       143  9.98218280D+03       144  1.56908650D+02       145  1.13744460D+03
         146  2.11899718D+03       147  3.10140835D+03       148  4.08443774D+03       149  5.06778976D+03       150  6.05114175D+03
         151  7.03417107D+03       152  8.01658215D+03       153  8.99813467D+03       154  9.97867059D+03       155  1.46374090D+02
         156  1.12711510D+03       157  2.10925780D+03       158  3.09257558D+03       159  4.07673163D+03       160  5.06132182D+03
         161  6.04591196D+03       162  7.03006788D+03       163  8.01338549D+03       164  8.99552806D+03       165  9.97626902D+03
         166  1.34300112D+02       167  1.11533228D+03       168  2.09830608D+03       169  3.08288324D+03       170  4.06858261D+03
         171  5.05485394D+03       172  6.04112517D+03       173  7.02682430D+03       174  8.01140114D+03       175  8.99437468D+03
         176  9.97540674D+03       177  1.20070827D+02       178  1.10153061D+03       179  2.08570364D+03       180  3.07205040D+03
         181  4.05985816D+03       182  5.04838616D+03       183  6.03691400D+03       184  7.02472130D+03       185  8.01106746D+03
         186  8.99523996D+03       187  9.97669953D+03       188  1.02764886D+02       189  1.08488792D+03       190  2.07087914D+03
         191  3.05975943D+03       192  4.05043093D+03       193  5.04191854D+03       194  6.03340592D+03       195  7.02407665D+03
         196  8.01295579D+03       197  8.99894587D+03       198  9.98106845D+03       199  8.08381159D+01       200  1.06418655D+03
         201  2.05312958D+03       202  3.04578497D+03       203  4.04023860D+03       204  5.03545115D+03       205  6.03066342D+03
         206  7.02511610D+03       207  8.01776918D+03       208  9.00670982D+03       209  9.99005681D+03       210  5.16698090D+01
         211  1.03706065D+03       212  2.03226227D+03       213  3.03021573D+03       214  4.02936410D+03       215  5.02898399D+03
         216  6.02860370D+03       217  7.02775135D+03       218  8.02570281D+03       219  9.02089504D+03       220  1.00062846D+04
         221  3.22032177D-01       222  1.00485196D+03       223  2.00922491D+03       224  3.01364379D+03       225  4.01807758D+03
         226  5.02251699D+03       227  6.02695639D+03       228  7.03139018D+03       229  8.03580901D+03       230  9.04018181D+03
         231  1.00446463D+04
1


           F L U I D   M A S S   B U D G E T      AFTER TIME STEP     0,     IN (MASS/SECOND)

                                                                                         SUM OF          SUM OF            NET
                                                                                       INCREASES(+)    DECREASES(-)       CHANGE
                                                                                      ==============  ==============  ==============
             RATE OF CHANGE IN TOTAL STORED FLUID DUE TO PRESSURE CHANGE               0.0000000D+00   0.0000000D+00   0.0000000D+00
             RATE OF CHANGE IN TOTAL STORED FLUID DUE TO CONCENTRATION CHANGE          0.0000000D+00   0.0000000D+00   0.0000000D+00
                                                                                      --------------  --------------  --------------
             TOTAL RATE OF CHANGE IN STORED FLUID [ S+, S-, S ]                        0.0000000D+00   0.0000000D+00   0.0000000D+00

                                                                                         SUM OF          SUM OF            NET
                                                                                         GAINS(+)       LOSSES(-)       GAIN/LOSS
                                                                                      ==============  ==============  ==============
             GAIN/LOSS OF FLUID THROUGH FLUID SOURCES AND SINKS                        6.6000000D-02   0.0000000D+00   6.6000000D-02
             GAIN/LOSS OF FLUID THROUGH INFLOWS/OUTFLOWS AT SPECIFIED P NODES          6.3946451D-02  -1.2994645D-01  -6.6000000D-02
                                                                                      --------------  --------------  --------------
             TOTAL RATE OF GAIN/LOSS OF FLUID THROUGH FLOWS [ F+, F-, F ]              1.2994645D-01  -1.2994645D-01  -1.6833757D-14


             FLUID MASS BALANCE ACTIVITY [ A = ((S+) - (S-) + (F+) - (F-))/2 ]                1.2994645D-01
             ABSOLUTE FLUID MASS BALANCE ERROR [ S - F ]                                      1.6833757D-14
             RELATIVE FLUID MASS BALANCE ERROR [ 100*(S - F)/A ]                              1.2954380D-11 (PERCENT)



                      FLUID SOURCES OR SINKS DUE TO SPECIFIED PRESSURES

                       NODE     INFLOW(+)/OUTFLOW(-)
                                       (MASS/SECOND)

                        221           -3.2203218D-02
                        222           -3.6176304D-02
                        223           -2.4451313D-02
                        224           -1.7319106D-02
                        225           -1.1678189D-02
                        226           -6.5989179D-03
                        227           -1.5194028D-03
                        228            4.1224960D-03
                        229            1.1258792D-02
                        230            2.2999027D-02
                        231            2.5566135D-02
1

           RESULTS FOR TIME STEP    1
           _______ ___ ____ ____ ____
  
           U-SOLUTION COMPUTED USING DIRECT SOLVER



           S  T  E  A  D  Y  -  S  T  A  T  E     C  O  N  C  E  N  T  R  A  T  I  O  N

        NODE                      NODE                      NODE                      NODE                      NODE
           1  2.40001977D-09         2  2.50278741D-09         3  2.80415477D-09         4  3.28281852D-09         5  3.90210066D-09
           6  4.60967861D-09         7  5.33953111D-09         8  6.01712808D-09         9  6.56787165D-09        10  6.92755176D-09
          11  7.05259265D-09        12  6.78959490D-09        13  7.10897956D-09        14  8.04819582D-09        15  9.54775422D-09
          16  1.15014305D-08        17  1.37514489D-08        18  1.60910842D-08        19  1.82793821D-08        20  2.00689521D-08
          21  2.12427954D-08        22  2.16518002D-08        23  1.84692237D-08        24  1.94715706D-08        25  2.24322822D-08
          26  2.71984703D-08        27  3.34762977D-08        28  4.07959166D-08        29  4.85017772D-08        30  5.57908476D-08
          31  6.18070985D-08        32  6.57792113D-08        33  6.71678979D-08        34  4.90816170D-08        35  5.22017165D-08
          36  6.14663783D-08        37  7.65258642D-08        38  9.66151871D-08        39  1.20370955D-07        40  1.45732119D-07
          41  1.70024896D-07        42  1.90281081D-07        43  2.03750727D-07        44  2.08477168D-07        45  1.27831734D-07
          46  1.37395275D-07        47  1.65964743D-07        48  2.12918351D-07        49  2.76454544D-07        50  3.52768301D-07
          51  4.35489998D-07        52  5.15805795D-07        53  5.83506941D-07        54  6.28867026D-07        55  6.44845313D-07
          56  3.25984000D-07        57  3.54731706D-07        58  4.41207177D-07        59  5.85116853D-07        60  7.82981492D-07
          61  1.02474989D-06        62  1.29117322D-06        63  1.55360595D-06        64  1.77736745D-06        65  1.92847782D-06
          66  1.98192174D-06        67  8.11959833D-07        68  8.96418201D-07        69  1.15249129D-06        70  1.58468538D-06
          71  2.18949970D-06        72  2.94240026D-06        73  3.78676896D-06        74  4.63115857D-06        75  5.35970130D-06
          76  5.85570116D-06        77  6.03184497D-06        78  1.96940212D-06        79  2.21108150D-06        80  2.95039301D-06
          81  4.21784328D-06        82  6.02581527D-06        83  8.32127285D-06        84  1.09427762D-05        85  1.36048346D-05
          86  1.59289680D-05        87  1.75239431D-05        88  1.80926424D-05        89  4.63616684D-06        90  5.30730704D-06
          91  7.38068736D-06        92  1.09958626D-05        93  1.62576928D-05        94  2.30737284D-05        95  3.09985868D-05
          96  3.91650807D-05        97  4.63740772D-05        98  5.13577130D-05        99  5.31411356D-05       100  1.05566237D-05
         101  1.23586292D-05       102  1.79846561D-05       103  2.79690851D-05       104  4.27975524D-05       105  6.23781484D-05
         106  8.55178967D-05       107  1.09667952D-04       108  1.31181679D-04       109  1.46140940D-04       110  1.51509269D-04
         111  2.31721330D-05       112  2.78326064D-05       113  4.25429328D-05       114  6.91083050D-05       115  1.09308422D-04
         116  1.63270864D-04       117  2.27852492D-04       118  2.95846459D-04       119  3.56751924D-04       120  3.99231618D-04
         121  4.14496339D-04       122  4.88737574D-05       123  6.04460336D-05       124  9.73535532D-05       125  1.65065854D-04
         126  2.69087494D-04       127  4.10262697D-04       128  5.80256806D-04       129  7.59606215D-04       130  9.20186651D-04
         131  1.03203169D-03       132  1.07218032D-03       133  9.87723800D-05       134  1.26260453D-04       135  2.14762177D-04
         136  3.79062419D-04       137  6.33571328D-04       138  9.79623238D-04       139  1.39455742D-03       140  1.82875250D-03
         141  2.21385997D-03       142  2.47994687D-03       143  2.57502797D-03       144  1.90760108D-04       145  2.53176948D-04
         146  4.55142941D-04       147  8.31997509D-04       148  1.41412041D-03       149  2.19600177D-03       150  3.11533635D-03
         151  4.05542089D-03       152  4.87096691D-03       153  5.42481490D-03       154  5.62086748D-03       155  3.51823051D-04
         156  4.86458891D-04       157  9.23785335D-04       158  1.73416475D-03       159  2.96138936D-03       160  4.55655317D-03
         161  6.35625807D-03       162  8.11839422D-03       163  9.58836221D-03       164  1.05576616D-02       165  1.08953888D-02
         166  6.17409875D-04       167  8.97116727D-04       168  1.79065792D-03       169  3.40817097D-03       170  5.75075233D-03
         171  8.61238553D-03       172  1.16204260D-02       173  1.43661765D-02       174  1.65209294D-02       175  1.78787198D-02
         176  1.83405503D-02       177  1.03380635D-03       178  1.57448914D-03       179  3.30308728D-03       180  6.26885481D-03
         181  1.02211262D-02       182  1.45804590D-02       183  1.86891220D-02       184  2.20698070D-02       185  2.44946976D-02
         186  2.59233047D-02       187  2.63911955D-02       188  1.67832525D-03       189  2.75084295D-03       190  5.84879009D-03
         191  1.07042351D-02       192  1.64001665D-02       193  2.17815466D-02       194  2.61202282D-02       195  2.92022992D-02
         196  3.11426773D-02       197  3.21688689D-02       198  3.24861889D-02       199  2.48492762D-03       200  4.24917859D-03
         201  9.58951675D-03       202  1.67637911D-02       203  2.34451631D-02       204  2.85172640D-02       205  3.18229649D-02
         206  3.37269054D-02       207  3.47026703D-02       208  3.51277194D-02       209  3.52370004D-02       210  3.78609948D-03
         211  7.83769990D-03       212  1.62948813D-02       213  2.41012301D-02       214  2.97265893D-02       215  3.30587730D-02
         216  3.47285169D-02       217  3.54271424D-02       218  3.56633908D-02       219  3.57201010D-02       220  3.57185087D-02
         221  6.05548437D-03       222  1.16447432D-02       223  2.11768659D-02       224  2.81242406D-02       225  3.24831061D-02
         226  3.46245278D-02       227  3.54753072D-02       228  3.57014214D-02       229  3.57076157D-02       230  3.56965753D-02
         231  3.56955443D-02



           S  T  E  A  D  Y  -  S  T  A  T  E     F  L  U  I  D     V  E  L  O  C  I  T  Y

           M A G N I T U D E   AT CENTROID OF ELEMENT

     ELEMENT                   ELEMENT                   ELEMENT                   ELEMENT                   ELEMENT
           1  1.89081232D-04         2  1.89036658D-04         3  1.88950386D-04         4  1.88828449D-04         5  1.88680365D-04
           6  1.88519125D-04         7  1.88360497D-04         8  1.88221499D-04         9  1.88118165D-04        10  1.88063046D-04
          11  1.90151084D-04        12  1.90002885D-04        13  1.89719217D-04        14  1.89324957D-04        15  1.88855775D-04
          16  1.88355754D-04        17  1.87873788D-04        18  1.87458841D-04        19  1.87154484D-04        20  1.86993498D-04
          21  1.91380902D-04        22  1.91114987D-04        23  1.90606703D-04        24  1.89901742D-04        25  1.89064968D-04
          26  1.88175635D-04        27  1.87320667D-04        28  1.86586263D-04        29  1.86048529D-04        30  1.85764411D-04
          31  1.92895240D-04        32  1.92486400D-04        33  1.91704861D-04        34  1.90620748D-04        35  1.89333615D-04
          36  1.87965156D-04        37  1.86649012D-04        38  1.85517941D-04        39  1.84689422D-04        40  1.84251536D-04
          41  1.94847551D-04        42  1.94257666D-04        43  1.93129171D-04        44  1.91561823D-04        45  1.89697872D-04
          46  1.87712281D-04        47  1.85798624D-04        48  1.84150792D-04        49  1.82941740D-04        50  1.82302031D-04
          51  1.97435799D-04        52  1.96611316D-04        53  1.95031910D-04        54  1.92833551D-04        55  1.90211669D-04
          56  1.87409227D-04        57  1.84698555D-04        58  1.82356324D-04        59  1.80632790D-04        60  1.79719103D-04
          61  2.00922658D-04        62  1.99791510D-04        63  1.97620508D-04        64  1.94589298D-04        65  1.90958980D-04
          66  1.87059221D-04        67  1.83266676D-04        68  1.79972257D-04        69  1.77537145D-04        70  1.76242315D-04
          71  2.05662403D-04        72  2.04130755D-04        73  2.01183671D-04        74  1.97051722D-04        75  1.92074844D-04
          76  1.86691177D-04        77  1.81414731D-04        78  1.76795538D-04        79  1.73358031D-04        80  1.71521674D-04
          81  2.12137357D-04        82  2.10086886D-04        83  2.06129131D-04        84  2.00550778D-04        85  1.93781581D-04
          86  1.86389844D-04        87  1.79066080D-04        88  1.72581557D-04        89  1.67706387D-04        90  1.65083149D-04
          91  2.21007911D-04        92  2.18294652D-04        93  2.13038366D-04        94  2.05582554D-04        95  1.96450692D-04
          96  1.86355408D-04        97  1.76201787D-04        98  1.67062115D-04        99  1.60082219D-04       100  1.56282808D-04
         101  2.33181936D-04       102  2.29637820D-04       103  2.22744995D-04       104  2.12898414D-04       105  2.00705891D-04
         106  1.87017164D-04       107  1.72968124D-04       108  1.60014412D-04       109  1.49874674D-04       110  1.44246942D-04
         111  2.49912675D-04       112  2.45349830D-04       113  2.36444051D-04       114  2.23633607D-04       115  2.07585227D-04
         116  1.89238845D-04       117  1.69911552D-04       118  1.51464109D-04       119  1.36436721D-04       120  1.27799438D-04
         121  2.72940638D-04       122  2.67154587D-04       123  2.55837713D-04       124  2.39476981D-04       125  2.18769926D-04
         126  1.94653965D-04       127  1.68453017D-04       128  1.42231825D-04       129  1.19436589D-04       130  1.05403362D-04
         131  3.04709852D-04       132  2.97467135D-04       133  2.83318884D-04       134  2.62861931D-04       135  2.36844459D-04
         136  2.06109457D-04       137  1.71697699D-04       138  1.35267030D-04       139  1.00288489D-04       140  7.53409610D-05
         141  3.48725901D-04       142  3.39696306D-04       143  3.22189454D-04       144  2.97119918D-04       145  2.65460687D-04
         146  2.28001133D-04       147  1.85314096D-04       148  1.38025668D-04       149  8.74876654D-05       150  3.91325287D-05
         151  4.10225980D-04       152  3.98749798D-04       153  3.76912848D-04       154  3.46476097D-04       155  3.09169914D-04
         156  2.66030984D-04       157  2.17339344D-04       158  1.63141138D-04       159  1.04457360D-04       160  4.80508085D-05
         161  4.97626280D-04       162  4.82041505D-04       163  4.53329780D-04       164  4.15685307D-04       165  3.72582556D-04
         166  3.25997574D-04       167  2.76077680D-04       168  2.22682393D-04       169  1.69104734D-04       170  1.28771635D-04
         171  6.26499124D-04       172  6.01301821D-04       173  5.58938195D-04       174  5.08181122D-04       175  4.58765673D-04
         176  4.11712207D-04       177  3.67070859D-04       178  3.25269663D-04       179  2.84579836D-04       180  2.56889022D-04
         181  8.30444700D-04       182  7.83154479D-04       183  6.93688203D-04       184  6.23314846D-04       185  5.67209284D-04
         186  5.22747532D-04       187  4.89872493D-04       188  4.71983355D-04       189  4.77199638D-04       190  4.61267312D-04
         191  1.29376225D-03       192  9.90639302D-04       193  8.45519963D-04       194  7.54011864D-04       195  6.92444173D-04
         196  6.53062271D-04       197  6.35960720D-04       198  6.49329346D-04       199  7.18488467D-04       200  9.46356947D-04



           S  T  E  A  D  Y  -  S  T  A  T  E     F  L  U  I  D     V  E  L  O  C  I  T  Y

           A N G L E   IN DEGREES FROM +X-AXIS TO FLOW DIRECTION AT CENTROID OF ELEMENT

     ELEMENT                   ELEMENT                   ELEMENT                   ELEMENT                   ELEMENT
           1  1.56847213D-01         2  4.55299772D-01         3  7.09480152D-01         4  8.94587507D-01         5  9.92445145D-01
           6  9.93293958D-01         7  8.96809858D-01         8  7.12227387D-01         9  4.57522541D-01        10  1.57696285D-01
          11  1.71746817D-01        12  4.98822742D-01        13  7.78109746D-01        14  9.82534374D-01        15  1.09186547D+00
          16  1.09476420D+00        17  9.90123968D-01        18  7.87492247D-01        19  5.06414354D-01        20  1.74646793D-01
          21  2.03591417D-01        22  5.91676020D-01        23  9.24036461D-01        24  1.16870446D+00        25  1.30127267D+00
          26  1.30742337D+00        27  1.18480947D+00        28  9.43947870D-01        29  6.07788346D-01        30  2.09746642D-01
          31  2.55123218D-01        32  7.41985554D-01        33  1.16042345D+00        34  1.47059007D+00        35  1.64128392D+00
          36  1.65323588D+00        37  1.50188872D+00        38  1.19912677D+00        39  7.73310203D-01        40  2.67091243D-01
          41  3.30724587D-01        42  9.62749887D-01        43  1.50837127D+00        44  1.91633014D+00        45  2.14523121D+00
          46  2.16793291D+00        47  1.97579245D+00        48  1.58192776D+00        49  1.02230458D+00        50  3.53483390D-01
          51  4.36556771D-01        52  1.27232931D+00        53  1.99795535D+00        54  2.54655170D+00        55  2.86200257D+00
          56  2.90483432D+00        57  2.65878765D+00        58  2.13688918D+00        59  1.38489364D+00        60  4.79591476D-01
          61  5.80665452D-01        62  1.69488066D+00        63  2.66932586D+00        64  3.41661605D+00        65  3.85989941D+00
          66  3.94049167D+00        67  3.62796669D+00        68  2.93128855D+00        69  1.90739879D+00        70  6.61979275D-01
          71  7.72930454D-01        72  2.26038530D+00        73  3.57335209D+00        74  4.59874523D+00        75  5.23126492D+00
          76  5.38255239D+00        77  4.99608119D+00        78  4.06703458D+00        79  2.66187281D+00        80  9.26783944D-01
          81  1.02467970D+00        82  3.00372090D+00        83  4.77090374D+00        84  6.18290896D+00        85  7.09699062D+00
          86  7.37996168D+00        87  6.92814860D+00        88  5.70107752D+00        89  3.76372445D+00        90  1.31677812D+00
          91  1.34774746D+00        92  3.96204210D+00        93  6.32935187D+00        94  8.27432436D+00        95  9.60850541D+00
          96  1.01343441D+01        97  9.66622199D+00        98  8.08148908D+00        99  5.40643830D+00       100  1.90606704D+00
         101  1.75280434D+00       102  5.16975739D+00       103  8.31448820D+00       104  1.09839958D+01       105  1.29418274D+01
         106  1.39074157D+01       107  1.35632110D+01       108  1.16125999D+01       109  7.93553844D+00       110  2.83413994D+00
         111  2.24704101D+00       112  6.65101053D+00       113  1.07764977D+01       114  1.44076614D+01       115  1.72734335D+01
         116  1.90090554D+01       117  1.91162284D+01       118  1.69703772D+01       119  1.20211187D+01       120  4.39715409D+00
         121  2.83187729D+00       122  8.41131005D+00       123  1.37311646D+01       124  1.85903338D+01       125  2.27238436D+01
         126  2.57308972D+01       127  2.69494367D+01       128  2.52739451D+01       129  1.90977540D+01       130  7.34994195D+00
         131  3.50233909D+00       132  1.04330193D+01       133  1.71434107D+01       134  2.34828931D+01       135  2.92634384D+01
         136  3.41744235D+01       137  3.75918001D+01       138  3.81237155D+01       139  3.24858777D+01       140  1.43033034D+01
         141  4.25074708D+00       142  1.26833317D+01       143  2.09284168D+01       144  2.89159245D+01       145  3.66152811D+01
         146  4.39811891D+01       147  5.08251873D+01       148  5.64863382D+01       149  5.84789366D+01       150  4.13356340D+01
         151  5.08023984D+00       152  1.51453955D+01       153  2.49917083D+01       154  3.46306715D+01       155  4.42494200D+01
         156  5.41859255D+01       157  6.49442189D+01       158  7.74244886D+01       159  9.42544776D+01       160  1.30896682D+02
         161  6.02448502D+00       162  1.79010210D+01       163  2.93169676D+01       164  4.03932867D+01       165  5.15461321D+01
         166  6.35080709D+01       167  7.73338450D+01       168  9.46698207D+01       169  1.18831691D+02       170  1.56077056D+02
         171  7.31410951D+00       172  2.12260582D+01       173  3.41704193D+01       174  4.61138307D+01       175  5.80376720D+01
         176  7.09684363D+01       177  8.61220342D+01       178  1.05206606D+02       179  1.30110091D+02       180  1.61918297D+02
         181  8.82432258D+00       182  2.67062711D+01       183  4.00322330D+01       184  5.17983412D+01       185  6.35331451D+01
         186  7.62444848D+01       187  9.09812895D+01       188  1.09051686D+02       189  1.32506657D+02       190  1.63972618D+02
         191  1.97019623D+01       192  3.56152743D+01       193  4.69303225D+01       194  5.74126011D+01       195  6.80532224D+01
         196  7.95648454D+01       197  9.26164014D+01       198  1.07973188D+02       199  1.26608759D+02       200  1.52622034D+02
1


           S O L U T E   B U D G E T      AFTER TIME STEP     1,   IN (SOLUTE MASS/SECOND)

                                                                                         SUM OF          SUM OF            NET
                                                                                       INCREASES(+)    DECREASES(-)       CHANGE
                                                                                      ==============  ==============  ==============
             RATE OF CHANGE IN SOLUTE DUE TO CONCENTRATION CHANGE                      0.0000000D+00   0.0000000D+00   0.0000000D+00
             RATE OF CHANGE OF ADSORBATE                                               0.0000000D+00   0.0000000D+00   0.0000000D+00
             RATE OF CHANGE IN SOLUTE DUE TO CHANGE IN MASS OF FLUID                   0.0000000D+00   0.0000000D+00   0.0000000D+00
                                                                                      --------------  --------------  --------------
             TOTAL RATE OF CHANGE OF SOLUTE [ S+, S-, S ]                              0.0000000D+00   0.0000000D+00   0.0000000D+00

                                                                                         SUM OF          SUM OF            NET
                                                                                       PRODUCTION(+)     DECAY(-)       PROD./DECAY
                                                                                      ==============  ==============  ==============
             FIRST-ORDER PRODUCTION/DECAY OF SOLUTE                                    0.0000000D+00   0.0000000D+00   0.0000000D+00
             FIRST-ORDER PRODUCTION/DECAY OF ADSORBATE                                 0.0000000D+00   0.0000000D+00   0.0000000D+00
             ZERO-ORDER PRODUCTION/DECAY OF SOLUTE                                     0.0000000D+00   0.0000000D+00   0.0000000D+00
             ZERO-ORDER PRODUCTION/DECAY OF ADSORBATE                                  0.0000000D+00   0.0000000D+00   0.0000000D+00
                                                                                      --------------  --------------  --------------
             TOTAL RATE OF PRODUCTION/DECAY OF SOLUTE AND ADSORBATE [ P+, P-, P ]      0.0000000D+00   0.0000000D+00   0.0000000D+00

                                                                                         SUM OF          SUM OF            NET
                                                                                         GAINS(+)       LOSSES(-)       GAIN/LOSS
                                                                                      ==============  ==============  ==============
             GAIN/LOSS OF SOLUTE THROUGH FLUID SOURCES AND SINKS                       0.0000000D+00   0.0000000D+00   0.0000000D+00
             GAIN/LOSS OF SOLUTE THROUGH INFLOWS/OUTFLOWS AT SPECIFIED P NODES         2.2828883D-03  -2.2828883D-03  -1.5131126D-15
             GAIN/LOSS OF SOLUTE THROUGH SOLUTE SOURCES AND SINKS                      0.0000000D+00   0.0000000D+00   0.0000000D+00
             GAIN/LOSS OF SOLUTE AT SPECIFIED CONCENTRATION NODES                      0.0000000D+00   0.0000000D+00   0.0000000D+00
                                                                                      --------------  --------------  --------------
             TOTAL RATE OF GAIN/LOSS OF SOLUTE                                         2.2828883D-03  -2.2828883D-03  -1.5131126D-15
                 THROUGH FLOWS & SOURCES/SINKS [ F+, F-, F ]


             SOLUTE MASS BAL. ACTIVITY [ A = ((S+) - (S-) + (P+) - (P-) + (F+) - (F-))/2 ]    2.2828883D-03
             ABSOLUTE SOLUTE MASS BALANCE ERROR [ S - P - F ]                                 1.5131126D-15
             RELATIVE SOLUTE MASS BALANCE ERROR [ 100*(S - P - F)/A ]                         6.6280622D-11 (PERCENT)



                      SOLUTE SOURCES OR SINKS AT FLUID SOURCES AND SINKS

                       NODE        SOURCE(+)/SINK(-)
                                (SOLUTE MASS/SECOND)

                          1            0.0000000D+00
                          2            0.0000000D+00
                          3            0.0000000D+00
                          4            0.0000000D+00
                          5            0.0000000D+00
                          6            0.0000000D+00
                          7            0.0000000D+00
                          8            0.0000000D+00
                          9            0.0000000D+00
                         10            0.0000000D+00
                         11            0.0000000D+00



                      SOLUTE SOURCES OR SINKS DUE TO FLUID INFLOWS OR OUTFLOWS AT POINTS OF SPECIFIED PRESSURE

                       NODE        SOURCE(+)/SINK(-)
                                (SOLUTE MASS/SECOND)

                        221           -1.9500608D-04
                        222           -4.2126377D-04
                        223           -5.1780218D-04
                        224           -4.8708669D-04
                        225           -3.7934387D-04
                        226           -2.2848442D-04
                        227           -5.3901282D-05
                        228            1.4717311D-04
                        229            4.0193888D-04
                        230            8.2106527D-04
                        231            9.1271103D-04






           *** LAST SOLUTION HAS BEEN STORED IN THE RESTART DATA FILE ***








           SUTRA SIMULATION TERMINATED AT COMPLETION OF TIME STEPS
           ***** ********** ********** ** ********** ** **** *****
