1***********************************************************************************************************************************



************************************************************************************************************************************



************************************************************************************************************************************



************************************************************************************************************************************







                                                SSSS   UU  UU  TTTTTT  RRRRR     AA  
                                               SS   S  UU  UU  T TT T  RR  RR   AAAA 
                                               SSSS    UU  UU    TT    RRRRR   AA  AA
                                                   SS  UU  UU    TT    RR R    AAAAAA
                                               SS  SS  UU  UU    TT    RR RR   AA  AA
                                                SSSS    UUUU     TT    RR  RR  AA  AA







                                     U N I T E D    S T A T E S   G E O L O G I C A L   S U R V E Y



                                             SUBSURFACE FLOW AND TRANSPORT SIMULATION MODEL


                                                        -SUTRA VERSION 2D3D.1-


                                    *  SATURATED-UNSATURATED FLOW AND SOLUTE OR ENERGY TRANSPORT  *







************************************************************************************************************************************



************************************************************************************************************************************



************************************************************************************************************************************



************************************************************************************************************************************
1

************************************************************************************************************************************


                    * * * * *   S U T R A   S O L U T E   T R A N S P O R T   S I M U L A T I O N   * * * * *


************************************************************************************************************************************





 -----------------------------------------------------------------------------------------------------------------------------------

                          SUTRA Model created using Argus ONE and Sutra GUI                               

                          U.S. Geological Survey example parameter values                                 

 -----------------------------------------------------------------------------------------------------------------------------------





           F I L E   U N I T   A S S I G N M E N T S

             INPUT UNITS:
              INP FILE (MAIN INPUT)          50    ASSIGNED TO Rocky2D.inp                                                                     
              ICS FILE (INITIAL CONDITIONS)  55    ASSIGNED TO Rocky2D.ics                                                                     

             OUTPUT UNITS:
              SMY FILE (RUN SUMMARY)         80    ASSIGNED TO Rocky2D.smy                                                                     
              LST FILE (GENERAL OUTPUT)      60    ASSIGNED TO Rocky2D.lst                                                                     
              RST FILE (RESTART DATA)        66    ASSIGNED TO Rocky2D.rst                                                                     
              NOD FILE (NODEWISE OUTPUT)     30    ASSIGNED TO Rocky2D.nod                                                                     
              ELE FILE (VELOCITY OUTPUT)     40    ASSIGNED TO Rocky2D.ele                                                                     
              OBS FILE (OBSERVATION OUTPUT)  70    ASSIGNED TO Rocky2D.obs                                                                     




           S I M U L A T I O N   M O D E   O P T I O N S

           - ASSUME SATURATED FLOW ONLY
           - ASSUME STEADY-STATE FLOW FIELD CONSISTENT WITH INITIAL CONCENTRATION CONDITIONS
           - ALLOW TIME-DEPENDENT TRANSPORT
           - COLD START - BEGIN NEW SIMULATION
           - STORE RESULTS AFTER EVERY     9999 TIME STEPS IN RESTART FILE AS BACKUP AND FOR USE IN A SIMULATION RESTART




           S I M U L A T I O N   C O N T R O L   N U M B E R S

              357     NUMBER OF NODES IN FINITE-ELEMENT MESH
              320     NUMBER OF ELEMENTS IN MESH

               30     EXACT NUMBER OF NODES IN MESH AT WHICH PRESSURE IS A SPECIFIED CONSTANT OR FUNCTION OF TIME
                0     EXACT NUMBER OF NODES IN MESH AT WHICH SOLUTE CONCENTRATION IS A SPECIFIED CONSTANT OR FUNCTION OF TIME

                4     EXACT NUMBER OF NODES AT WHICH FLUID INFLOW OR OUTFLOW IS A SPECIFIED CONSTANT OR FUNCTION OF TIME
                0     EXACT NUMBER OF NODES AT WHICH A SOURCE OR SINK OF SOLUTE MASS IS A SPECIFIED CONSTANT OR FUNCTION OF TIME

                0     EXACT NUMBER OF NODES AT WHICH PRESSURE AND CONCENTRATION WILL BE OBSERVED




           N U M E R I C A L   C O N T R O L   D A T A

                   0.00000     "UPSTREAM WEIGHTING" FACTOR
                1.0000D+04     SPECIFIED PRESSURE BOUNDARY CONDITION FACTOR
                1.0000D+00     SPECIFIED CONCENTRATION BOUNDARY CONDITION FACTOR
1



           T E M P O R A L   C O N T R O L   A N D   S O L U T I O N   C Y C L I N G   D A T A

                         1     MAXIMUM ALLOWED NUMBER OF TIME STEPS
                3.1558D+10     INITIAL TIME STEP (IN SECONDS)
                1.0000D+99     MAXIMUM ALLOWED SIMULATION TIME (IN SECONDS)

                      9999     TIME STEP MULTIPLIER CYCLE (IN TIME STEPS)
                   1.00000     MULTIPLICATION FACTOR FOR TIME STEP CHANGE
                1.0000D+99     MAXIMUM ALLOWED TIME STEP (IN SECONDS)

                         1     FLOW SOLUTION CYCLE (IN TIME STEPS)
                         1     TRANSPORT SOLUTION CYCLE (IN TIME STEPS)




           I T E R A T I O N   C O N T R O L   D A T A

             NON-ITERATIVE SOLUTION




           S O L V E R - R E L A T E D   P A R A M E T E R S

             SOLVER FOR P AND U: BANDED GAUSSIAN ELIMINATION (DIRECT)    




           O U T P U T   C O N T R O L S   A N D   O P T I O N S

             .LST FILE
             ---------

               9999     PRINTED OUTPUT CYCLE (IN TIME STEPS)

             - CANCEL PRINT OF NODE COORDINATES, THICKNESSES AND POROSITIES
             - CANCEL PRINT OF ELEMENT PERMEABILITIES AND DISPERSIVITIES
             - CANCEL PRINT OF NODE INCIDENCES IN EACH ELEMENT

             - CALCULATE AND PRINT VELOCITIES AT ELEMENT CENTROIDS ON EACH TIME STEP WITH OUTPUT

             - CALCULATE AND PRINT FLUID AND SOLUTE BUDGETS ON EACH TIME STEP WITH OUTPUT


             .NOD FILE
             ---------

               9999     PRINTED OUTPUT CYCLE (IN TIME STEPS)

             COLUMN 1:  X-COORDINATE             
             COLUMN 2:  Y-COORDINATE             
             COLUMN 3:  PRESSURE                 
             COLUMN 4:  CONCENTRATION/TEMPERATURE
             COLUMN 5:  SATURATION               


             .ELE FILE
             ---------

               9999     PRINTED OUTPUT CYCLE (IN TIME STEPS)

             COLUMN 1:  X-COORDINATE OF CENTROID 
             COLUMN 2:  Y-COORDINATE OF CENTROID 
             COLUMN 3:  X-VELOCITY               
             COLUMN 4:  Y-VELOCITY               
1



           C O N S T A N T   P R O P E R T I E S   O F   F L U I D   A N D   S O L I D   M A T R I X

                0.0000D+00     COMPRESSIBILITY OF FLUID
                0.0000D+00     COMPRESSIBILITY OF POROUS MATRIX

                1.0000D+00     FLUID VISCOSITY

                2.6000D+03     DENSITY OF A SOLID GRAIN

             FLUID DENSITY, RHOW
             CALCULATED BY SUTRA IN TERMS OF SOLUTE CONCENTRATION, U, AS:
             RHOW = RHOW0 + DRWDU*(U-URHOW0)

                1.0000D+00     FLUID BASE DENSITY, RHOW0
                0.0000D+00     COEFFICIENT OF DENSITY CHANGE WITH SOLUTE CONCENTRATION, DRWDU
                0.0000D+00     SOLUTE CONCENTRATION, URHOW0, AT WHICH FLUID DENSITY IS AT BASE VALUE, RHOW0

                1.0000D-09     MOLECULAR DIFFUSIVITY OF SOLUTE IN FLUID




           A D S O R P T I O N   P A R A M E T E R S

                NON-SORBING SOLUTE




           P R O D U C T I O N   A N D   D E C A Y   O F   S P E C I E S   M A S S

             PRODUCTION RATE (+)
             DECAY RATE (-)

                0.0000D+00     ZERO-ORDER RATE OF SOLUTE MASS PRODUCTION/DECAY IN FLUID
                0.0000D+00     ZERO-ORDER RATE OF ADSORBATE MASS PRODUCTION/DECAY IN IMMOBILE PHASE
                0.0000D+00     FIRST-ORDER RATE OF SOLUTE MASS PRODUCTION/DECAY IN FLUID
                0.0000D+00     FIRST-ORDER RATE OF ADSORBATE MASS PRODUCTION/DECAY IN IMMOBILE PHASE




           C O O R D I N A T E   O R I E N T A T I O N   T O   G R A V I T Y

             COMPONENT OF GRAVITY VECTOR
             IN +X DIRECTION, GRAVX
                0.0000D+00     GRAVX = -GRAV * D(ELEVATION)/DX

             COMPONENT OF GRAVITY VECTOR
             IN +Y DIRECTION, GRAVY
                0.0000D+00     GRAVY = -GRAV * D(ELEVATION)/DY
1



           N O D E   I N F O R M A T I O N

                PRINTOUT OF NODE COORDINATES, THICKNESSES AND POROSITIES CANCELLED.

                SCALE FACTORS :
                                      1.0000D+00     X-SCALE
                                      1.0000D+00     Y-SCALE
                                      1.0000D+00     THICKNESS FACTOR
                                      1.0000D+00     POROSITY FACTOR




           E L E M E N T   I N F O R M A T I O N

                PRINTOUT OF ELEMENT PERMEABILITIES AND DISPERSIVITIES CANCELLED.

                SCALE FACTORS :
                                      1.0000D+00     MAXIMUM PERMEABILITY FACTOR
                                      1.0000D+00     MINIMUM PERMEABILITY FACTOR
                                      1.0000D+00     ANGLE FROM +X TO MAXIMUM DIRECTION FACTOR
                                      1.0000D+00     FACTOR FOR LONGITUDINAL DISPERSIVITY IN MAX-PERM DIRECTION
                                      1.0000D+00     FACTOR FOR LONGITUDINAL DISPERSIVITY IN MIN-PERM DIRECTION
                                      1.0000D+00     FACTOR FOR TRANSVERSE DISPERSIVITY IN MAX-PERM DIRECTION
                                      1.0000D+00     FACTOR FOR TRANSVERSE DISPERSIVITY IN MIN-PERM DIRECTION
1



           F L U I D   S O U R C E   D A T A



           **** NODES AT WHICH FLUID INFLOWS OR OUTFLOWS ARE SPECIFIED ****

           NODE NUMBER          FLUID INFLOW(+)/OUTFLOW(-)     SOLUTE CONCENTRATION OF
           (MINUS INDICATES     (FLUID MASS/SECOND)            INFLOWING FLUID
            TIME-VARYING                                       (MASS SOLUTE/MASS WATER)
            FLOW RATE OR
            CONCENTRATION)


                  112              1.0000000E+00                 1.0000000E+03
                  276             -2.0000000E-01
                  280             -2.0000000E-01
                  284             -2.0000000E-01
1



           B O U N D A R Y   C O N D I T I O N S


           **** NODES AT WHICH PRESSURES ARE SPECIFIED ****

                (AS WELL AS SOLUTE CONCENTRATION OF ANY
                 FLUID INFLOW WHICH MAY OCCUR AT THE POINT
                 OF SPECIFIED PRESSURE)

            NODE                  PRESSURE             CONCENTRATION


               3       2.5000000000000D+02       0.0000000000000D+00
               4       2.5000000000000D+02       0.0000000000000D+00
               5       2.5000000000000D+02       0.0000000000000D+00
               6       2.5000000000000D+02       0.0000000000000D+00
               7       2.5000000000000D+02       0.0000000000000D+00
               8       2.5000000000000D+02       0.0000000000000D+00
               9       2.5000000000000D+02       0.0000000000000D+00
              10       2.5000000000000D+02       0.0000000000000D+00
              11       2.5000000000000D+02       0.0000000000000D+00
              12       2.5000000000000D+02       0.0000000000000D+00
              13       2.5000000000000D+02       0.0000000000000D+00
              14       2.5000000000000D+02       0.0000000000000D+00
              15       2.5000000000000D+02       0.0000000000000D+00
             341       1.7500000000000D+01       0.0000000000000D+00
             342       2.0000000000000D+01       0.0000000000000D+00
             343       2.2500000000000D+01       0.0000000000000D+00
             344       2.5000000000000D+01       0.0000000000000D+00
             345       2.7500000000000D+01       0.0000000000000D+00
             346       3.0000000000000D+01       0.0000000000000D+00
             347       3.2500000000000D+01       0.0000000000000D+00
             348       3.5000000000000D+01       0.0000000000000D+00
             349       3.7500000000000D+01       0.0000000000000D+00
             350       4.0000000000000D+01       0.0000000000000D+00
             351       4.2500000000000D+01       0.0000000000000D+00
             352       4.5000000000000D+01       0.0000000000000D+00
             353       4.7500000000000D+01       0.0000000000000D+00
             354       5.0000000000000D+01       0.0000000000000D+00
             355       5.2500000000000D+01       0.0000000000000D+00
             356       5.5000000000000D+01       0.0000000000000D+00
             357       5.7500000000000D+01       0.0000000000000D+00
1



           M E S H   C O N N E C T I O N   D A T A

                PRINTOUT OF NODAL INCIDENCES CANCELLED.




           **** MESH ANALYSIS ****




             MAXIMUM FULL BANDWIDTH,    37, WAS CALCULATED IN ELEMENT         1




           S I M U L A T I O N   D I M E N S I O N S

             REAL    ARRAYS WERE ALLOCATED        42246
             INTEGER ARRAYS WERE ALLOCATED         4022

                  0.354 Mbytes MEMORY USED FOR MAIN ARRAYS








------------------------------------------------------------------------------------------------------------------------------------
------------------------------------------------------------------------------------------------------------------------------------
------------------------------------------------------------------------------------------------------------------------------------
------------------------------------------------------------------------------------------------------------------------------------
------------------------------------------------------------------------------------------------------------------------------------
------------------------------------------------------------------------------------------------------------------------------------
------------------------------------------------------------------------------------------------------------------------------------
------------------------------------------------------------------------------------------------------------------------------------

1



           I N I T I A L   C O N D I T I O N S
           ___________________________________



           TIME INCREMENT      3.1558D+10 SECONDS

           TIME AT END         0.0000D+00 SECONDS
           OF STEP:            0.0000D+00 MINUTES
                               0.0000D+00 HOURS
                               0.0000D+00 DAYS
                               0.0000D+00 WEEKS
                               0.0000D+00 MONTHS
                               0.0000D+00 YEARS



           C  O  N  C  E  N  T  R  A  T  I  O  N

        NODE                      NODE                      NODE                      NODE                      NODE
           1  0.00000000D+00         2  0.00000000D+00         3  0.00000000D+00         4  0.00000000D+00         5  0.00000000D+00
           6  0.00000000D+00         7  0.00000000D+00         8  0.00000000D+00         9  0.00000000D+00        10  0.00000000D+00
          11  0.00000000D+00        12  0.00000000D+00        13  0.00000000D+00        14  0.00000000D+00        15  0.00000000D+00
          16  0.00000000D+00        17  0.00000000D+00        18  0.00000000D+00        19  0.00000000D+00        20  0.00000000D+00
          21  0.00000000D+00        22  0.00000000D+00        23  0.00000000D+00        24  0.00000000D+00        25  0.00000000D+00
          26  0.00000000D+00        27  0.00000000D+00        28  0.00000000D+00        29  0.00000000D+00        30  0.00000000D+00
          31  0.00000000D+00        32  0.00000000D+00        33  0.00000000D+00        34  0.00000000D+00        35  0.00000000D+00
          36  0.00000000D+00        37  0.00000000D+00        38  0.00000000D+00        39  0.00000000D+00        40  0.00000000D+00
          41  0.00000000D+00        42  0.00000000D+00        43  0.00000000D+00        44  0.00000000D+00        45  0.00000000D+00
          46  0.00000000D+00        47  0.00000000D+00        48  0.00000000D+00        49  0.00000000D+00        50  0.00000000D+00
          51  0.00000000D+00        52  0.00000000D+00        53  0.00000000D+00        54  0.00000000D+00        55  0.00000000D+00
          56  0.00000000D+00        57  0.00000000D+00        58  0.00000000D+00        59  0.00000000D+00        60  0.00000000D+00
          61  0.00000000D+00        62  0.00000000D+00        63  0.00000000D+00        64  0.00000000D+00        65  0.00000000D+00
          66  0.00000000D+00        67  0.00000000D+00        68  0.00000000D+00        69  0.00000000D+00        70  0.00000000D+00
          71  0.00000000D+00        72  0.00000000D+00        73  0.00000000D+00        74  0.00000000D+00        75  0.00000000D+00
          76  0.00000000D+00        77  0.00000000D+00        78  0.00000000D+00        79  0.00000000D+00        80  0.00000000D+00
          81  0.00000000D+00        82  0.00000000D+00        83  0.00000000D+00        84  0.00000000D+00        85  0.00000000D+00
          86  0.00000000D+00        87  0.00000000D+00        88  0.00000000D+00        89  0.00000000D+00        90  0.00000000D+00
          91  0.00000000D+00        92  0.00000000D+00        93  0.00000000D+00        94  0.00000000D+00        95  0.00000000D+00
          96  0.00000000D+00        97  0.00000000D+00        98  0.00000000D+00        99  0.00000000D+00       100  0.00000000D+00
         101  0.00000000D+00       102  0.00000000D+00       103  0.00000000D+00       104  0.00000000D+00       105  0.00000000D+00
         106  0.00000000D+00       107  0.00000000D+00       108  0.00000000D+00       109  0.00000000D+00       110  0.00000000D+00
         111  0.00000000D+00       112  0.00000000D+00       113  0.00000000D+00       114  0.00000000D+00       115  0.00000000D+00
         116  0.00000000D+00       117  0.00000000D+00       118  0.00000000D+00       119  0.00000000D+00       120  0.00000000D+00
         121  0.00000000D+00       122  0.00000000D+00       123  0.00000000D+00       124  0.00000000D+00       125  0.00000000D+00
         126  0.00000000D+00       127  0.00000000D+00       128  0.00000000D+00       129  0.00000000D+00       130  0.00000000D+00
         131  0.00000000D+00       132  0.00000000D+00       133  0.00000000D+00       134  0.00000000D+00       135  0.00000000D+00
         136  0.00000000D+00       137  0.00000000D+00       138  0.00000000D+00       139  0.00000000D+00       140  0.00000000D+00
         141  0.00000000D+00       142  0.00000000D+00       143  0.00000000D+00       144  0.00000000D+00       145  0.00000000D+00
         146  0.00000000D+00       147  0.00000000D+00       148  0.00000000D+00       149  0.00000000D+00       150  0.00000000D+00
         151  0.00000000D+00       152  0.00000000D+00       153  0.00000000D+00       154  0.00000000D+00       155  0.00000000D+00
         156  0.00000000D+00       157  0.00000000D+00       158  0.00000000D+00       159  0.00000000D+00       160  0.00000000D+00
         161  0.00000000D+00       162  0.00000000D+00       163  0.00000000D+00       164  0.00000000D+00       165  0.00000000D+00
         166  0.00000000D+00       167  0.00000000D+00       168  0.00000000D+00       169  0.00000000D+00       170  0.00000000D+00
         171  0.00000000D+00       172  0.00000000D+00       173  0.00000000D+00       174  0.00000000D+00       175  0.00000000D+00
         176  0.00000000D+00       177  0.00000000D+00       178  0.00000000D+00       179  0.00000000D+00       180  0.00000000D+00
         181  0.00000000D+00       182  0.00000000D+00       183  0.00000000D+00       184  0.00000000D+00       185  0.00000000D+00
         186  0.00000000D+00       187  0.00000000D+00       188  0.00000000D+00       189  0.00000000D+00       190  0.00000000D+00
         191  0.00000000D+00       192  0.00000000D+00       193  0.00000000D+00       194  0.00000000D+00       195  0.00000000D+00
         196  0.00000000D+00       197  0.00000000D+00       198  0.00000000D+00       199  0.00000000D+00       200  0.00000000D+00
         201  0.00000000D+00       202  0.00000000D+00       203  0.00000000D+00       204  0.00000000D+00       205  0.00000000D+00
         206  0.00000000D+00       207  0.00000000D+00       208  0.00000000D+00       209  0.00000000D+00       210  0.00000000D+00
         211  0.00000000D+00       212  0.00000000D+00       213  0.00000000D+00       214  0.00000000D+00       215  0.00000000D+00
         216  0.00000000D+00       217  0.00000000D+00       218  0.00000000D+00       219  0.00000000D+00       220  0.00000000D+00
         221  0.00000000D+00       222  0.00000000D+00       223  0.00000000D+00       224  0.00000000D+00       225  0.00000000D+00
         226  0.00000000D+00       227  0.00000000D+00       228  0.00000000D+00       229  0.00000000D+00       230  0.00000000D+00
         231  0.00000000D+00       232  0.00000000D+00       233  0.00000000D+00       234  0.00000000D+00       235  0.00000000D+00
         236  0.00000000D+00       237  0.00000000D+00       238  0.00000000D+00       239  0.00000000D+00       240  0.00000000D+00
         241  0.00000000D+00       242  0.00000000D+00       243  0.00000000D+00       244  0.00000000D+00       245  0.00000000D+00
         246  0.00000000D+00       247  0.00000000D+00       248  0.00000000D+00       249  0.00000000D+00       250  0.00000000D+00
         251  0.00000000D+00       252  0.00000000D+00       253  0.00000000D+00       254  0.00000000D+00       255  0.00000000D+00
         256  0.00000000D+00       257  0.00000000D+00       258  0.00000000D+00       259  0.00000000D+00       260  0.00000000D+00
         261  0.00000000D+00       262  0.00000000D+00       263  0.00000000D+00       264  0.00000000D+00       265  0.00000000D+00
         266  0.00000000D+00       267  0.00000000D+00       268  0.00000000D+00       269  0.00000000D+00       270  0.00000000D+00
         271  0.00000000D+00       272  0.00000000D+00       273  0.00000000D+00       274  0.00000000D+00       275  0.00000000D+00
         276  0.00000000D+00       277  0.00000000D+00       278  0.00000000D+00       279  0.00000000D+00       280  0.00000000D+00
         281  0.00000000D+00       282  0.00000000D+00       283  0.00000000D+00       284  0.00000000D+00       285  0.00000000D+00
         286  0.00000000D+00       287  0.00000000D+00       288  0.00000000D+00       289  0.00000000D+00       290  0.00000000D+00
         291  0.00000000D+00       292  0.00000000D+00       293  0.00000000D+00       294  0.00000000D+00       295  0.00000000D+00
         296  0.00000000D+00       297  0.00000000D+00       298  0.00000000D+00       299  0.00000000D+00       300  0.00000000D+00
         301  0.00000000D+00       302  0.00000000D+00       303  0.00000000D+00       304  0.00000000D+00       305  0.00000000D+00
         306  0.00000000D+00       307  0.00000000D+00       308  0.00000000D+00       309  0.00000000D+00       310  0.00000000D+00
         311  0.00000000D+00       312  0.00000000D+00       313  0.00000000D+00       314  0.00000000D+00       315  0.00000000D+00
         316  0.00000000D+00       317  0.00000000D+00       318  0.00000000D+00       319  0.00000000D+00       320  0.00000000D+00
         321  0.00000000D+00       322  0.00000000D+00       323  0.00000000D+00       324  0.00000000D+00       325  0.00000000D+00
         326  0.00000000D+00       327  0.00000000D+00       328  0.00000000D+00       329  0.00000000D+00       330  0.00000000D+00
         331  0.00000000D+00       332  0.00000000D+00       333  0.00000000D+00       334  0.00000000D+00       335  0.00000000D+00
         336  0.00000000D+00       337  0.00000000D+00       338  0.00000000D+00       339  0.00000000D+00       340  0.00000000D+00
         341  0.00000000D+00       342  0.00000000D+00       343  0.00000000D+00       344  0.00000000D+00       345  0.00000000D+00
         346  0.00000000D+00       347  0.00000000D+00       348  0.00000000D+00       349  0.00000000D+00       350  0.00000000D+00
         351  0.00000000D+00       352  0.00000000D+00       353  0.00000000D+00       354  0.00000000D+00       355  0.00000000D+00
         356  0.00000000D+00       357  0.00000000D+00
1

           RESULTS FOR TIME STEP    0
           _______ ___ ____ ____ ____

           P-SOLUTION COMPUTED USING DIRECT SOLVER



           S  T  E  A  D  Y  -  S  T  A  T  E     P  R  E  S  S  U  R  E

        NODE                      NODE                      NODE                      NODE                      NODE
           1  2.35741878D+02         2  2.37740259D+02         3  2.49999986D+02         4  2.49999991D+02         5  2.49999992D+02
           6  2.49999993D+02         7  2.49999994D+02         8  2.49999994D+02         9  2.49999995D+02        10  2.49999995D+02
          11  2.49999995D+02        12  2.49999995D+02        13  2.49999994D+02        14  2.49999993D+02        15  2.49999989D+02
          16  2.40331311D+02        17  2.38737104D+02        18  2.33834229D+02        19  2.35696511D+02        20  2.38559365D+02
          21  2.41234421D+02        22  2.42312649D+02        23  2.43142967D+02        24  2.43893366D+02        25  2.44552145D+02
          26  2.45037121D+02        27  2.45259189D+02        28  2.45174553D+02        29  2.44801226D+02        30  2.44180720D+02
          31  2.43257360D+02        32  2.41044629D+02        33  2.38705039D+02        34  2.37207028D+02        35  2.28933735D+02
          36  2.29562338D+02        37  2.31200299D+02        38  2.33041116D+02        39  2.34761972D+02        40  2.36320739D+02
          41  2.37855030D+02        42  2.39276065D+02        43  2.40355596D+02        44  2.40853985D+02        45  2.40652273D+02
          46  2.39829765D+02        47  2.38572511D+02        48  2.36984915D+02        49  2.35276126D+02        50  2.33802296D+02
          51  2.33241828D+02        52  2.22087767D+02        53  2.22515094D+02        54  2.23671705D+02        55  2.25321844D+02
          56  2.27266669D+02        57  2.29455370D+02        58  2.31877886D+02        59  2.34321707D+02        60  2.36315665D+02
          61  2.37228893D+02        62  2.36808587D+02        63  2.35261987D+02        64  2.33186265D+02        65  2.31077852D+02
          66  2.29283858D+02        67  2.28053063D+02        68  2.27606799D+02        69  2.14295671D+02        70  2.14658934D+02
          71  2.15710303D+02        72  2.17363710D+02        73  2.19558982D+02        74  2.22309617D+02        75  2.25692067D+02
          76  2.29792493D+02        77  2.33408851D+02        78  2.35287733D+02        79  2.34148457D+02        80  2.31205606D+02
          81  2.27692428D+02        82  2.24865058D+02        83  2.22761651D+02        84  2.21449905D+02        85  2.21002038D+02
          86  2.05737627D+02        87  2.06095957D+02        88  2.07157345D+02        89  2.08897838D+02        90  2.11324994D+02
          91  2.14531809D+02        92  2.18769160D+02        93  2.24478497D+02        94  2.33476110D+02        95  2.36369709D+02
          96  2.34545590D+02        97  2.26479548D+02        98  2.21521986D+02        99  2.17941125D+02       100  2.15455301D+02
         101  2.13967043D+02       102  2.13469485D+02       103  1.96449594D+02       104  1.96822984D+02       105  1.97935201D+02
         106  1.99773829D+02       107  2.02358340D+02       108  2.05805829D+02       109  2.10435485D+02       110  2.17107485D+02
         111  2.27146321D+02       112  2.64217793D+02       113  2.28726820D+02       114  2.19929053D+02       115  2.14066443D+02
         116  2.09996623D+02       117  2.07169512D+02       118  2.05491495D+02       119  2.04936957D+02       120  1.86407012D+02
         121  1.86807116D+02       122  1.87994020D+02       123  1.89932522D+02       124  1.92590371D+02       125  1.96009531D+02
         126  2.00426938D+02       127  2.06354633D+02       128  2.15772738D+02       129  2.19393600D+02       130  2.18311460D+02
         131  2.10567806D+02       132  2.05212770D+02       133  2.00882635D+02       134  1.97723216D+02       135  1.95898654D+02
         136  1.95311790D+02       137  1.75556897D+02       138  1.75994704D+02       139  1.77296514D+02       140  1.79389289D+02
         141  1.82122614D+02       142  1.85331010D+02       143  1.89005661D+02       144  1.93365868D+02       145  1.97576567D+02
         146  2.01019634D+02       147  2.02377469D+02       148  2.00259503D+02       149  1.95658931D+02       150  1.90341163D+02
         151  1.86892419D+02       152  1.85113226D+02       153  1.84550618D+02       154  1.63834409D+02       155  1.64305056D+02
         156  1.65756607D+02       157  1.68192798D+02       158  1.71228868D+02       159  1.74306527D+02       160  1.76957568D+02
         161  1.79293216D+02       162  1.81539626D+02       163  1.83873220D+02       164  1.89312395D+02       165  1.96282132D+02
         166  1.84353060D+02       167  1.77372379D+02       168  1.74633898D+02       169  1.73174181D+02       170  1.72721029D+02
         171  1.51194801D+02       172  1.51662028D+02       173  1.53144492D+02       174  1.56067971D+02       175  1.60536025D+02
         176  1.63884709D+02       177  1.65385760D+02       178  1.65087794D+02       179  1.65426882D+02       180  1.66673825D+02
         181  1.67059363D+02       182  1.68001543D+02       183  1.63224341D+02       184  1.62733166D+02       185  1.61142055D+02
         186  1.60302594D+02       187  1.60037611D+02       188  1.37670878D+02       189  1.38059474D+02       190  1.39330511D+02
         191  1.41781492D+02       192  1.48572979D+02       193  1.60252857D+02       194  1.53837085D+02       195  1.49466328D+02
         196  1.48795886D+02       197  1.48685163D+02       198  1.48698066D+02       199  1.47977626D+02       200  1.47105358D+02
         201  1.47062585D+02       202  1.46971651D+02       203  1.46885987D+02       204  1.46854338D+02       205  1.23423665D+02
         206  1.23652777D+02       207  1.24396637D+02       208  1.25879217D+02       209  1.26324104D+02       210  1.32201333D+02
         211  1.32850492D+02       212  1.32646273D+02       213  1.31700454D+02       214  1.30680366D+02       215  1.30446462D+02
         216  1.28200428D+02       217  1.31085444D+02       218  1.31470787D+02       219  1.32767878D+02       220  1.33408156D+02
         221  1.33603615D+02       222  1.08757251D+02       223  1.08768346D+02       224  1.08815454D+02       225  1.08885823D+02
         226  1.08926735D+02       227  1.11936311D+02       228  1.14910100D+02       229  1.14915766D+02       230  1.14694070D+02
         231  1.13719779D+02       232  1.08703047D+02       233  1.00819639D+02       234  1.10767783D+02       235  1.16871853D+02
         236  1.19133743D+02       237  1.20338263D+02       238  1.20709773D+02       239  9.41202177D+01       240  9.38359385D+01
         241  9.31448261D+01       242  9.19600688D+01       243  9.16395434D+01       244  9.17899531D+01       245  9.68482265D+01
         246  9.72290107D+01       247  9.84475065D+01       248  9.82134036D+01       249  9.68729272D+01       250  9.70987277D+01
         251  9.95713902D+01       252  1.03641374D+02       253  1.06536424D+02       254  1.08035211D+02       255  1.08511305D+02
         256  8.00010421D+01       257  7.94974402D+01       258  7.75829314D+01       259  7.58126072D+01       260  7.08726291D+01
         261  6.49175009D+01       262  7.42685784D+01       263  8.06588137D+01       264  8.30890243D+01       265  8.50601837D+01
         266  8.51206910D+01       267  8.62479464D+01       268  8.86863980D+01       269  9.24374012D+01       270  9.51259996D+01
         271  9.67075445D+01       272  9.72186336D+01       273  6.67938389D+01       274  6.62137614D+01       275  6.42869652D+01
         276  5.59118435D+01       277  6.11020503D+01       278  6.21706546D+01       279  6.38266016D+01       280  6.08435020D+01
         281  7.07180593D+01       282  7.35417150D+01       283  7.44781429D+01       284  6.94524815D+01       285  7.87028125D+01
         286  8.23390506D+01       287  8.48957612D+01       288  8.64152306D+01       289  8.69217916D+01       290  5.45396881D+01
         291  5.41937888D+01       292  5.28143968D+01       293  5.22689527D+01       294  5.25542150D+01       295  5.43079997D+01
         296  5.55156619D+01       297  5.79301018D+01       298  6.07411751D+01       299  6.38799590D+01       300  6.52464848D+01
         301  6.72756815D+01       302  6.98616947D+01       303  7.33218464D+01       304  7.56804910D+01       305  7.71385258D+01
         306  7.76330975D+01       307  4.28960079D+01       308  4.29062786D+01       309  4.30993739D+01       310  4.36342100D+01
         311  4.47485669D+01       312  4.62894421D+01       313  4.82568049D+01       314  5.05001882D+01       315  5.30388216D+01
         316  5.54770539D+01       317  5.77982193D+01       318  6.00686254D+01       319  6.25969912D+01       320  6.51360684D+01
         321  6.73619019D+01       322  6.88355429D+01       323  6.93643897D+01       324  3.11818707D+01       325  3.16231848D+01
         326  3.29019176D+01       327  3.44522616D+01       328  3.62339957D+01       329  3.82474586D+01       330  4.04508339D+01
         331  4.28127532D+01       332  4.52553535D+01       333  4.77139877D+01       334  5.01424302D+01       335  5.25815322D+01
         336  5.50459689D+01       337  5.74845118D+01       338  5.97351416D+01       339  6.15630874D+01       340  6.22077080D+01
         341  1.75000074D+01       342  2.00000119D+01       343  2.25000105D+01       344  2.50000095D+01       345  2.75000088D+01
         346  3.00000083D+01       347  3.25000080D+01       348  3.50000078D+01       349  3.75000078D+01       350  4.00000077D+01
         351  4.25000076D+01       352  4.50000076D+01       353  4.75000075D+01       354  5.00000074D+01       355  5.25000071D+01
         356  5.50000062D+01       357  5.75000017D+01
1


           F L U I D   M A S S   B U D G E T      AFTER TIME STEP     0,     IN (MASS/SECOND)

                                                                                         SUM OF          SUM OF            NET
                                                                                       INCREASES(+)    DECREASES(-)       CHANGE
                                                                                      ==============  ==============  ==============
             RATE OF CHANGE IN TOTAL STORED FLUID DUE TO PRESSURE CHANGE               0.0000000D+00   0.0000000D+00   0.0000000D+00
             RATE OF CHANGE IN TOTAL STORED FLUID DUE TO CONCENTRATION CHANGE          0.0000000D+00   0.0000000D+00   0.0000000D+00
                                                                                      --------------  --------------  --------------
             TOTAL RATE OF CHANGE IN STORED FLUID [ S+, S-, S ]                        0.0000000D+00   0.0000000D+00   0.0000000D+00

                                                                                         SUM OF          SUM OF            NET
                                                                                         GAINS(+)       LOSSES(-)       GAIN/LOSS
                                                                                      ==============  ==============  ==============
             GAIN/LOSS OF FLUID THROUGH FLUID SOURCES AND SINKS                        1.0000000D+00  -6.0000000D-01   4.0000000D-01
             GAIN/LOSS OF FLUID THROUGH INFLOWS/OUTFLOWS AT SPECIFIED P NODES          9.2939080D-01  -1.3293908D+00  -4.0000000D-01
                                                                                      --------------  --------------  --------------
             TOTAL RATE OF GAIN/LOSS OF FLUID THROUGH FLOWS [ F+, F-, F ]              1.9293908D+00  -1.9293908D+00   3.2836396D-09


             FLUID MASS BALANCE ACTIVITY [ A = ((S+) - (S-) + (F+) - (F-))/2 ]                1.9293908D+00
             ABSOLUTE FLUID MASS BALANCE ERROR [ S - F ]                                     -3.2836396D-09
             RELATIVE FLUID MASS BALANCE ERROR [ 100*(S - F)/A ]                             -1.7019049D-07 (PERCENT)



                      FLUID SOURCES OR SINKS DUE TO SPECIFIED PRESSURES

                       NODE     INFLOW(+)/OUTFLOW(-)
                                       (MASS/SECOND)

                          3            1.3546508D-01
                          4            9.2978460D-02
                          5            7.7699801D-02
                          6            6.8836660D-02
                          7            6.1371680D-02
                          8            5.5057841D-02
                          9            5.0505101D-02
                         10            4.8430411D-02
                         11            4.9216726D-02
                         12            5.2811620D-02
                         13            5.9202258D-02
                         14            7.1724239D-02
                         15            1.0609093D-01
                        341           -7.4047038D-02
                        342           -1.1902311D-01
                        343           -1.0492444D-01
                        344           -9.5293822D-02
                        345           -8.8112299D-02
                        346           -8.3107545D-02
                        347           -8.0036739D-02
                        348           -7.8396390D-02
                        349           -7.7606904D-02
                        350           -7.7039161D-02
                        351           -7.6459757D-02
                        352           -7.5899695D-02
                        353           -7.5373301D-02
                        354           -7.4218666D-02
                        355           -7.0942397D-02
                        356           -6.1686389D-02
                        357           -1.7223137D-02
1

           RESULTS FOR TIME STEP    1
           _______ ___ ____ ____ ____
  
           U-SOLUTION COMPUTED USING DIRECT SOLVER



           TIME INCREMENT      3.1558D+10 SECONDS

           TIME AT END         3.1558D+10 SECONDS
           OF STEP:            5.2596D+08 MINUTES
                               8.7660D+06 HOURS
                               3.6525D+05 DAYS
                               5.2179D+04 WEEKS
                               1.2000D+04 MONTHS
                               1.0000D+03 YEARS



           C  O  N  C  E  N  T  R  A  T  I  O  N

        NODE                      NODE                      NODE                      NODE                      NODE
           1  1.88043838D-06         2  1.07148156D-06         3  4.66989633D-08         4  3.49147831D-06         5 -1.13873899D-05
           6 -1.79507976D-04         7  4.46759066D-04         8  6.67588684D-04         9 -1.57654549D-03        10  3.83084432D-04
          11 -3.09366858D-04        12  1.05016959D-04        13  3.85230689D-04        14 -1.90041309D-05        15  1.21314526D-05
          16 -2.56698791D-04        17 -6.15293268D-04        18  4.16672313D-07        19 -2.00078228D-06        20 -2.44081587D-06
          21 -1.27654055D-06        22  5.03929494D-04        23  1.19253778D-03        24 -1.87109591D-02        25 -2.19178589D-02
          26  4.40782497D-02        27  1.81807795D-02        28  1.19809549D-02        29 -1.06572457D-02        30 -1.58693318D-02
          31 -1.14480116D-03        32  1.18359103D-03        33  6.42424327D-04        34  3.75053987D-05        35 -2.99973382D-06
          36  1.10910411D-06        37  6.34414295D-05        38  4.31609248D-05        39 -1.30291795D-02        40 -2.91155553D-02
          41  3.36908870D-01        42  8.50871883D-01        43 -4.52257590D-01        44 -1.39501858D+00        45 -2.30043023D-01
          46  6.43857953D-01        47  3.16366070D-01        48 -2.26981484D-02        49 -1.61496010D-02        50  1.65495107D-04
          51  1.30407775D-04        52  2.15328950D-05        53 -2.66425692D-05        54  1.01646983D-04        55 -9.24697763D-03
          56  9.73817891D-02        57  7.90991959D-01        58 -1.25845389D+00        59 -1.28463806D+01        60 -1.31730382D+01
          61  2.91664909D+01        62 -8.66429697D+00        63 -1.28483126D+01        64 -1.34601010D+00        65  7.62864201D-01
          66  7.71775068D-02        67 -7.16168486D-03        68  1.29039534D-03        69 -1.13320604D-04        70  4.25081085D-04
          71 -5.09516876D-03        72  6.61635146D-02        73  1.74150706D-01        74 -5.84039061D+00        75 -1.61969476D+01
          76  6.10983165D+01        77  2.30564054D+02        78  2.39259217D+02        79  2.56395245D+02        80  6.85451882D+01
          81 -1.61380450D+01        82 -5.55519887D+00        83  2.53504980D-01        84  9.83673525D-03        85  3.20027171D-03
          86  4.96742645D-05        87 -1.07057395D-03        88  1.38185855D-02        89  1.03850425D-01        90 -3.63246099D+00
          91 -1.37046721D+00        92  1.48213526D+02        93  6.05153446D+02        94  9.65163688D+02        95  9.95871376D+02
          96  9.79529108D+02        97  6.25909477D+02        98  1.50061690D+02        99 -2.67332607D+00       100 -2.95812170D+00
         101  1.86531239D-01       102 -4.36363511D-02       103  1.78678149D-03       104 -5.78838606D-03       105  9.07774710D-02
         106 -1.33822070D+00       107 -1.82562853D+00       108  9.45922779D+01       109  4.76693471D+02       110  9.07456205D+02
         111  1.00799242D+03       112  9.99312300D+02       113  1.00659304D+03       114  9.15101914D+02       115  4.80132989D+02
         116  8.90373665D+01       117 -3.41180276D+00       118 -5.71353454D-01       119  7.99414308D-02       120 -5.08372856D-03
         121  2.62243626D-02       122 -2.20135644D-01       123 -2.36707363D+00       124  3.34807243D+01       125  2.64963378D+02
         126  7.02893735D+02       127  9.76047424D+02       128  1.00272948D+03       129  9.97774484D+02       130  1.00187272D+03
         131  9.78910201D+02       132  7.08939808D+02       133  2.64281518D+02       134  2.67928543D+01       135 -2.23162552D+00
         136  2.47644062D-01       137 -6.04834976D-03       138  3.79016900D-02       139 -1.08997995D+00       140  5.94541733D+00
         141  1.06206113D+02       142  4.19857085D+02       143  8.09263355D+02       144  9.86374571D+02       145  9.99657510D+02
         146  9.97316119D+02       147  9.98824997D+02       148  9.88969146D+02       149  8.39366820D+02       150  4.56079401D+02
         151  1.00456306D+02       152  1.35001016D+00       153 -5.17340840D-01       154  2.80164122D-02       155 -1.71466673D-01
         156 -4.22854693D-01       157  3.13885274D+01       158  1.95694966D+02       159  5.30232107D+02       160  8.51201289D+02
         161  9.84091390D+02       162  9.97143810D+02       163  9.96319987D+02       164  9.94443987D+02       165  1.01642594D+03
         166  9.28325868D+02       167  6.19704099D+02       168  1.86577229D+02       169  1.63852961D+01       170 -1.76480883D+00
         171  5.75483264D-02       172 -5.11870310D-01       173  6.29943640D+00       174  8.39930867D+01       175  3.10918273D+02
         176  6.00293700D+02       177  8.62892159D+02       178  9.73666985D+02       179  9.94947226D+02       180  9.94724470D+02
         181  9.91863429D+02       182  7.86674048D-01       183  8.94764465D+02       184  6.72995347D+02       185  2.61293856D+02
         186  3.77837611D+01       187 -6.81684169D-02       188 -1.55321819D-01       189  1.15336300D-01       190  2.03835028D+01
         191  1.80302066D+02       192  4.59504328D+02       193  6.48944658D+02       194  8.07158767D+02       195  9.48959943D+02
         196  9.92535303D+02       197  9.93125102D+02       198  9.89506632D+02       199  1.62451662D-01       200  8.44107112D+02
         201  6.65088273D+02       202  2.99733896D+02       203  5.98381936D+01       204  5.46634226D+00       205 -1.94342152D-01
         206  1.50989826D+00       207  4.61131325D+01       208  2.36880201D+02       209  4.24692600D+02       210  5.24211910D-01
         211  8.28181834D+02       212  9.23874133D+02       213  9.86832960D+02       214  9.91089530D+02       215  9.88030930D+02
         216  2.35165465D-01       217  8.03073218D+02       218  6.38479792D+02       219  3.02485689D+02       220  7.68945292D+01
         221  1.44072911D+01       222 -2.70354985D-01       223  5.18477800D+00       224  6.81260020D+01       225  2.44656637D+02
         226  3.80279197D+02       227  1.46174540D-01       228  8.48674006D+02       229  9.15859138D+02       230  9.77202441D+02
         231  9.91197870D+02       232  9.79364303D+02       233  8.43414695D+02       234  7.43685548D+02       235  5.79554579D+02
         236  2.86480865D+02       237  8.62941704D+01       238  2.53933743D+01       239 -1.94709715D-01       240  1.05284367D+01
         241  7.63695406D+01       242  2.38956317D+02       243  3.47241235D+02       244  1.91288242D-01       245  8.63355580D+02
         246  9.12961282D+02       247  9.71731127D+02       248  9.85842575D+02       249  9.84100849D+02       250  8.25530283D+02
         251  6.65077695D+02       252  5.03908412D+02       253  2.59525751D+02       254  9.06902447D+01       255  3.61308461D+01
         256  1.80925863D+00       257  1.18502554D+01       258  8.07186488D+01       259  2.14813988D+02       260  3.17313530D+02
         261  6.61299977D+02       262  8.69722709D+02       263  9.23223737D+02       264  9.66625969D+02       265  9.86921545D+02
         266  9.53504465D+02       267  7.99374588D+02       268  6.19480578D+02       269  4.30582763D+02       270  2.30928328D+02
         271  9.20173585D+01       272  4.57354212D+01       273  3.07352314D+00       274  1.47820854D+01       275  6.27421345D+01
         276  1.87446282D+02       277  3.19034834D+02       278  6.86092034D+02       279  8.90707209D+02       280  9.33183065D+02
         281  9.71934806D+02       282  9.77149568D+02       283  9.62911807D+02       284  7.55496328D+02       285  5.37615274D+02
         286  3.71378416D+02       287  2.04857648D+02       288  9.19766641D+01       289  5.38018778D+01       290  4.72538171D+00
         291  1.71906461D+01       292  4.68186944D+01       293  1.71002309D+02       294  4.10116805D+02       295  7.09585499D+02
         296  8.85563879D+02       297  9.50927167D+02       298  9.72872772D+02       299  9.72629265D+02       300  9.47797351D+02
         301  6.37117102D+02       302  4.53986978D+02       303  3.21553065D+02       304  1.82229476D+02       305  9.13904213D+01
         306  6.03002542D+01       307  7.54409572D+00       308  1.73019526D+01       309  5.50109270D+01       310  1.91652521D+02
         311  4.60741748D+02       312  7.40862532D+02       313  8.97331257D+02       314  9.55307092D+02       315  9.69970253D+02
         316  9.64799135D+02       317  8.50563780D+02       318  5.76034765D+02       319  4.02839318D+02       320  2.77646084D+02
         321  1.63335783D+02       322  9.01139608D+01       323  6.53686691D+01       324  9.56225622D+00       325  2.06456167D+01
         326  7.37461378D+01       327  2.36919833D+02       328  5.14800005D+02       329  7.73505012D+02       330  9.09629983D+02
         331  9.56438117D+02       332  9.65028907D+02       333  9.24830928D+02       334  7.60825246D+02       335  5.19714482D+02
         336  3.60543272D+02       337  2.42328816D+02       338  1.45379411D+02       339  8.78881224D+01       340  6.89398398D+01
         341  1.10466978D+01       342  2.65237239D+01       343  1.00192028D+02       344  2.92929768D+02       345  5.76737278D+02
         346  8.10712267D+02       347  9.22957481D+02       348  9.58682382D+02       349  9.55513204D+02       350  8.80802401D+02
         351  6.89439153D+02       352  4.69336429D+02       353  3.24391876D+02       354  2.12642143D+02       355  1.27231083D+02
         356  8.17001746D+01       357  6.82068572D+01



           S  T  E  A  D  Y  -  S  T  A  T  E     F  L  U  I  D     V  E  L  O  C  I  T  Y

           M A G N I T U D E   AT CENTROID OF ELEMENT

     ELEMENT                   ELEMENT                   ELEMENT                   ELEMENT                   ELEMENT
           1  3.45270866D-06         2  1.26633185D-05         3  1.27390591D-05         4  1.03051284D-05         5  9.10503212D-06
           6  8.11584657D-06         7  7.23327647D-06         8  6.51375864D-06         9  6.06638826D-06        10  5.97913920D-06
          11  6.26947539D-06        12  6.89718877D-06        13  7.87237343D-06        14  9.90823536D-06        15  1.00033092D-05
          16  2.76164724D-06        17  7.07019423D-06        18  8.89005839D-06        19  1.01217079D-05        20  9.99429253D-06
          21  9.10631931D-06        22  8.16370373D-06        23  7.18998958D-06        24  6.29985053D-06        25  5.69702833D-06
          26  5.58254701D-06        27  5.98047361D-06        28  6.71563541D-06        29  7.58943608D-06        30  7.91465011D-06
          31  7.08259418D-06        32  5.68982594D-06        33  8.70830110D-06        34  9.27582351D-06        35  9.77649008D-06
          36  9.78120976D-06        37  9.27598556D-06        38  8.39890393D-06        39  7.24662756D-06        40  5.94057720D-06
          41  4.87120154D-06        42  4.68414622D-06        43  5.46170652D-06        44  6.56075359D-06        45  7.42670755D-06
          46  7.75260981D-06        47  7.53061101D-06        48  7.14293067D-06        49  9.79263490D-06        50  9.98182812D-06
          51  1.01616820D-05        52  1.01272829D-05        53  9.78323135D-06        54  9.08786173D-06        55  7.84715008D-06
          56  5.82190656D-06        57  3.49657973D-06        58  3.03650818D-06        59  5.04923800D-06        60  6.91585727D-06
          61  7.94038220D-06        62  8.32377016D-06        63  8.35584877D-06        64  8.27384314D-06        65  1.07101372D-05
          66  1.07786496D-05        67  1.08462111D-05        68  1.08298656D-05        69  1.06776051D-05        70  1.03488448D-05
          71  9.80220861D-06        72  8.53852776D-06        73  3.06806367D-06        74  2.07001281D-06        75  7.39339105D-06
          76  8.62606795D-06        77  9.11146452D-06        78  9.34499318D-06        79  9.40746020D-06        80  9.40321818D-06
          81  1.16096396D-05        82  1.16390018D-05        83  1.16825092D-05        84  1.17325152D-05        85  1.18141380D-05
          86  1.20165199D-05        87  1.24989791D-05        88  1.46588596D-05        89  2.83686940D-05        90  2.70828219D-05
          91  1.30711213D-05        92  1.10617091D-05        93  1.07473520D-05        94  1.06735958D-05        95  1.06611106D-05
          96  1.06503658D-05        97  1.25458489D-05        98  1.25556541D-05        99  1.25874060D-05       100  1.26862077D-05
         101  1.29589409D-05       102  1.36083792D-05       103  1.51784700D-05       104  1.84152585D-05       105  4.33646250D-05
         106  4.14059596D-05       107  1.61140077D-05       108  1.33700181D-05       109  1.23963851D-05       110  1.21886652D-05
         111  1.20991474D-05       112  1.20324207D-05       113  1.35492042D-05       114  1.35333827D-05       115  1.35124393D-05
         116  1.35572632D-05       117  1.38503377D-05       118  1.47091923D-05       119  1.65559071D-05       120  2.12706194D-05
         121  2.32788296D-05       122  2.14431653D-05       123  1.75212989D-05       124  1.38859587D-05       125  1.39320828D-05
         126  1.39815960D-05       127  1.36966044D-05       128  1.34857754D-05       129  1.46435959D-05       130  1.46201008D-05
         131  1.44894273D-05       132  1.42695117D-05       133  1.42511411D-05       134  1.49525049D-05       135  1.68533174D-05
         136  1.92463661D-05       137  2.10515076D-05       138  1.93541555D-05       139  1.10747564D-05       140  1.40702288D-05
         141  1.70077042D-05       142  1.62343517D-05       143  1.52583573D-05       144  1.48689549D-05       145  1.58125165D-05
         146  1.58906254D-05       147  1.58193204D-05       148  1.50124674D-05       149  1.37943432D-05       150  1.39888274D-05
         151  1.61610271D-05       152  1.90176313D-05       153  2.09400076D-05       154  2.49250539D-05       155  3.19682787D-11
         156  3.25982850D-11       157  2.28375168D-05       158  1.77889281D-05       159  1.65396855D-05       160  1.59781831D-05
         161  1.69624841D-05       162  1.72215369D-05       163  1.78811255D-05       164  1.78515454D-05       165  1.35360991D-05
         166  9.97267527D-06       167  1.72302146D-05       168  2.01588528D-05       169  2.16489370D-05       170  2.27200891D-05
         171  2.39911589D-11       172  2.28636045D-11       173  1.98712796D-05       174  1.86802207D-05       175  1.72515738D-05
         176  1.66259588D-05       177  1.79128543D-05       178  1.83810462D-05       179  1.94287663D-05       180  2.42696065D-05
         181  3.32977927D-11       182  3.08600087D-11       183  2.38015320D-05       184  2.12212358D-05       185  2.19490247D-05
         186  2.26606717D-05       187  2.38402047D-11       188  2.24085325D-11       189  1.97584803D-05       190  1.86374839D-05
         191  1.73044747D-05       192  1.67056597D-05       193  1.84698887D-05       194  1.90474249D-05       195  2.03822329D-05
         196  2.14963710D-05       197  2.41854082D-11       198  2.39855050D-11       199  2.22946565D-05       200  2.17228155D-05
         201  2.12659189D-05       202  2.44115826D-05       203  3.13485512D-11       204  3.08716610D-11       205  2.21965751D-05
         206  1.77853142D-05       207  1.67297965D-05       208  1.62312034D-05       209  1.84816888D-05       210  1.91311316D-05
         211  2.03846412D-05       212  2.13838057D-05       213  2.34791810D-11       214  2.44020921D-11       215  2.23441988D-05
         216  2.12174729D-05       217  1.98599527D-05       218  1.75412248D-05       219  1.08338574D-05       220  1.21321239D-05
         221  1.65381120D-05       222  1.64610004D-05       223  1.56541777D-05       224  1.53226102D-05       225  1.77928616D-05
         226  1.87585685D-05       227  1.99042217D-05       228  2.33045733D-05       229  2.99948172D-11       230  3.21928977D-11
         231  2.48319121D-05       232  2.00853026D-05       233  1.78528547D-05       234  1.55864533D-05       235  1.41521746D-05
         236  1.39273070D-05       237  1.46454212D-05       238  1.45584499D-05       239  1.43411176D-05       240  1.41511680D-05
         241  1.65706488D-05       242  1.67848651D-05       243  2.16952701D-05       244  1.85452485D-05       245  8.39838264D-06
         246  1.07365403D-05       247  1.90303220D-05       248  2.15363403D-05       249  1.52286646D-05       250  1.38646435D-05
         251  1.73209831D-05       252  1.82618239D-05       253  1.33734738D-05       254  1.31214995D-05       255  1.29721975D-05
         256  1.28839313D-05       257  1.51823615D-05       258  1.48275288D-05       259  1.09696599D-05       260  8.35245487D-06
         261  1.04071428D-05       262  1.02657163D-05       263  7.02420983D-06       264  1.13034262D-05       265  1.28273828D-05
         266  1.18957827D-05       267  7.37213171D-06       268  1.01067265D-05       269  1.20103863D-05       270  1.18021423D-05
         271  1.17063463D-05       272  1.16202326D-05       273  1.43335290D-05       274  1.31475060D-05       275  1.14686054D-05
         276  1.03124125D-05       277  1.01022172D-05       278  9.75240714D-06       279  9.63099038D-06       280  1.00312961D-05
         281  1.06522164D-05       282  1.01715495D-05       283  9.54563538D-06       284  9.59306188D-06       285  1.03589508D-05
         286  1.07057879D-05       287  1.05488332D-05       288  1.03770389D-05       289  1.43760402D-05       290  1.34568220D-05
         291  1.21820389D-05       292  1.12074569D-05       293  1.05836110D-05       294  1.02422364D-05       295  1.01021046D-05
         296  1.01581543D-05       297  1.01871938D-05       298  1.00836322D-05       299  9.91145073D-06       300  9.90330183D-06
         301  9.99795111D-06       302  9.95037870D-06       303  9.53789942D-06       304  9.04798460D-06       305  1.59221276D-05
         306  1.39667988D-05       307  1.26644328D-05       308  1.16771768D-05       309  1.09818841D-05       310  1.05420639D-05
         311  1.03101974D-05       312  1.02086582D-05       313  1.01528954D-05       314  1.00799275D-05       315  1.00031889D-05
         316  9.95078642D-06       317  9.88812626D-06       318  9.66703989D-06       319  9.03815404D-06       320  7.31328155D-06



           S  T  E  A  D  Y  -  S  T  A  T  E     F  L  U  I  D     V  E  L  O  C  I  T  Y

           A N G L E   IN DEGREES FROM +X-AXIS TO FLOW DIRECTION AT CENTROID OF ELEMENT

     ELEMENT                   ELEMENT                   ELEMENT                   ELEMENT                   ELEMENT
           1 -1.34334571D+02         2 -1.38277533D+02         3 -9.75414278D+01         4 -9.37494734D+01         5 -9.32673943D+01
           6 -9.33128635D+01         7 -9.32631926D+01         8 -9.26671533D+01         9 -9.13109852D+01        10 -8.94930953D+01
          11 -8.78671432D+01        12 -8.67766606D+01        13 -8.57960415D+01        14 -8.19766460D+01        15 -4.13863577D+01
          16 -4.55880180D+01        17 -1.02720336D+02        18 -1.08446675D+02        19 -1.06191474D+02        20 -1.00081139D+02
          21 -9.94374997D+01        22 -1.00073552D+02        23 -1.00415820D+02        24 -9.89291333D+01        25 -9.45333120D+01
          26 -8.81628757D+01        27 -8.28208118D+01        28 -7.99355198D+01        29 -7.80662505D+01        30 -7.19605022D+01
          31 -7.03354100D+01        32 -7.69316029D+01        33 -9.43463111D+01        34 -1.00853401D+02        35 -1.02895459D+02
          36 -1.03546223D+02        37 -1.04625380D+02        38 -1.07124186D+02        39 -1.09471151D+02        40 -1.08866106D+02
          41 -1.00434864D+02        42 -8.52392566D+01        43 -7.42700023D+01        44 -7.14875493D+01        45 -7.18780595D+01
          46 -7.35972596D+01        47 -7.70283262D+01        48 -8.49463716D+01        49 -9.28922699D+01        50 -9.79465943D+01
          51 -1.01723358D+02        52 -1.04803443D+02        53 -1.08393941D+02        54 -1.13529753D+02        55 -1.21414656D+02
          56 -1.27033735D+02        57 -1.19939072D+02        58 -7.12761937D+01        59 -5.62404355D+01        60 -5.96633308D+01
          61 -6.71385972D+01        62 -7.29838703D+01        63 -7.90368991D+01        64 -8.61271840D+01        65 -9.24133966D+01
          66 -9.70368811D+01        67 -1.01277991D+02        68 -1.05471791D+02        69 -1.10408543D+02        70 -1.17398999D+02
          71 -1.28717544D+02        72 -1.57415304D+02        73  1.66460681D+02        74  2.65250033D+01        75 -2.14657815D+01
          76 -5.21391611D+01        77 -6.39234291D+01        78 -7.21256148D+01        79 -7.92792264D+01        80 -8.63972075D+01
          81 -9.22575710D+01        82 -9.67028350D+01        83 -1.01039087D+02        84 -1.05484361D+02        85 -1.10611574D+02
          86 -1.17463820D+02        87 -1.28251709D+02        88 -1.44256902D+02        89  1.51700755D+02        90  3.05558753D+01
          91 -3.62592980D+01        92 -5.23126131D+01        93 -6.35819989D+01        94 -7.18743016D+01        95 -7.93026819D+01
          96 -8.64602751D+01        97 -9.22083440D+01        98 -9.65717022D+01        99 -1.00809553D+02       100 -1.04967472D+02
         101 -1.09340006D+02       102 -1.14551424D+02       103 -1.21252760D+02       104 -1.31326869D+02       105 -1.25907980D+02
         106 -5.64921742D+01       107 -5.00904340D+01       108 -5.83731904D+01       109 -6.49437212D+01       110 -7.21231432D+01
         111 -7.95760041D+01       112 -8.66010668D+01       113 -9.22151073D+01       114 -9.65998207D+01       115 -1.00746348D+02
         116 -1.04390965D+02       117 -1.07401762D+02       118 -1.10110702D+02       119 -1.12853569D+02       120 -1.13606850D+02
         121 -1.00932675D+02       122 -9.04604111D+01       123 -6.94042280D+01       124 -6.33783512D+01       125 -6.43540032D+01
         126 -7.28187390D+01       127 -8.05349677D+01       128 -8.69462705D+01       129 -9.22221167D+01       130 -9.67596352D+01
         131 -1.01265550D+02       132 -1.04637203D+02       133 -1.06002665D+02       134 -1.05331763D+02       135 -1.04377747D+02
         136 -1.02103950D+02       137 -9.98752647D+01       138 -1.02679345D+02       139 -1.05890993D+02       140 -4.27563454D+01
         141 -6.31315216D+01       142 -7.62196967D+01       143 -8.23761195D+01       144 -8.75529350D+01       145 -9.21244482D+01
         146 -9.66266261D+01       147 -1.02225122D+02       148 -1.08204659D+02       149 -1.06927864D+02       150 -1.00690829D+02
         151 -9.45198129D+01       152 -9.48743248D+01       153 -9.61348531D+01       154 -9.83984154D+01       155 -9.88984099D+01
         156 -7.13185774D+01       157 -7.82006977D+01       158 -8.12503812D+01       159 -8.50157949D+01       160 -8.83903244D+01
         161 -9.18070470D+01       162 -9.57351062D+01       163 -1.00827562D+02       164 -1.13216556D+02       165 -1.33940519D+02
         166 -7.20605560D+01       167 -8.02499200D+01       168 -8.94113773D+01       169 -9.18797779D+01       170 -9.06280083D+01
         171 -9.03309760D+01       172 -8.11160280D+01       173 -8.90377309D+01       174 -8.67738265D+01       175 -8.80793168D+01
         176 -8.93610849D+01       177 -9.12349640D+01       178 -9.39284901D+01       179 -9.72695778D+01       180 -1.00740073D+02
         181 -1.09241290D+02       182 -8.32931331D+01       183 -8.31001962D+01       184 -8.72716022D+01       185 -8.81547621D+01
         186 -8.96507585D+01       187 -8.55396182D+01       188 -9.32181567D+01       189 -9.06208779D+01       190 -9.23181299D+01
         191 -9.11477946D+01       192 -9.03511407D+01       193 -9.04657239D+01       194 -9.14872165D+01       195 -9.27294332D+01
         196 -9.08092992D+01       197 -1.03276646D+02       198 -9.54170530D+01       199 -8.96810814D+01       200 -8.80749996D+01
         201 -8.66397232D+01       202 -8.22743423D+01       203 -7.83488728D+01       204 -1.05058709D+02       205 -1.00528560D+02
         206 -9.71846496D+01       207 -9.39518929D+01       208 -9.12509662D+01       209 -8.94706748D+01       210 -8.87944574D+01
         211 -8.80419642D+01       212 -8.95317476D+01       213 -9.48252323D+01       214 -1.01871748D+02       215 -9.06193561D+01
         216 -9.16825931D+01       217 -8.78205974D+01       218 -7.69083365D+01       219 -6.37835356D+01       220 -1.29782260D+02
         221 -1.12612251D+02       222 -1.01291545D+02       223 -9.61960451D+01       224 -9.19812966D+01       225 -8.84141102D+01
         226 -8.50196339D+01       227 -8.46758276D+01       228 -8.18896404D+01       229 -8.30529209D+01       230 -1.06245064D+02
         231 -9.98123163D+01       232 -9.65192961D+01       233 -9.34863980D+01       234 -8.70579794D+01       235 -9.34257367D+01
         236 -1.02731971D+02       237 -1.09497405D+02       238 -1.03869320D+02       239 -9.77149004D+01       240 -9.24988837D+01
         241 -8.76574712D+01       242 -8.17765192D+01       243 -7.30060186D+01       244 -9.04831838D+01       245 -6.86754337D+01
         246 -1.29847435D+02       247 -9.64247532D+01       248 -1.10921784D+02       249 -1.01348966D+02       250 -9.25757703D+01
         251 -8.19135120D+01       252 -1.13580779D+02       253 -1.10196299D+02       254 -1.04468237D+02       255 -9.85925489D+01
         256 -9.28296275D+01       257 -8.78154168D+01       258 -8.19891735D+01       259 -5.94525212D+01       260 -1.14187250D+02
         261 -9.97586510D+01       262 -1.00040427D+02       263 -8.70996991D+01       264 -1.34541539D+02       265 -1.06888686D+02
         266 -9.69496071D+01       267 -7.52835002D+01       268 -1.37050924D+02       269 -1.11671467D+02       270 -1.05087861D+02
         271 -9.91470284D+01       272 -9.30866655D+01       273 -8.91614597D+01       274 -8.67671684D+01       275 -8.99668776D+01
         276 -9.48660264D+01       277 -1.01761176D+02       278 -1.01740359D+02       279 -1.07593871D+02       280 -1.09470017D+02
         281 -1.09100224D+02       282 -1.03096600D+02       283 -1.06350722D+02       284 -1.09463616D+02       285 -1.11220569D+02
         286 -1.05523891D+02       287 -1.00002822D+02       288 -9.35339294D+01       289 -9.11249431D+01       290 -9.39197291D+01
         291 -9.61412695D+01       292 -9.92942448D+01       293 -1.02116278D+02       294 -1.04744320D+02       295 -1.06554200D+02
         296 -1.07847226D+02       297 -1.07483449D+02       298 -1.07120870D+02       299 -1.07275941D+02       300 -1.08366675D+02
         301 -1.08129453D+02       302 -1.06330296D+02       303 -1.02494539D+02       304 -9.46494180D+01       305 -9.66299958D+01
         306 -9.97351683D+01       307 -1.01530392D+02       308 -1.03248336D+02       309 -1.04884406D+02       310 -1.06191326D+02
         311 -1.07141202D+02       312 -1.07613745D+02       313 -1.07773057D+02       314 -1.07793373D+02       315 -1.07974607D+02
         316 -1.08168454D+02       317 -1.08188912D+02       318 -1.07887013D+02       319 -1.07414541D+02       320 -1.05589416D+02
1


           S O L U T E   B U D G E T      AFTER TIME STEP     1,   IN (SOLUTE MASS/SECOND)

                                                                                         SUM OF          SUM OF            NET
                                                                                       INCREASES(+)    DECREASES(-)       CHANGE
                                                                                      ==============  ==============  ==============
             RATE OF CHANGE IN SOLUTE DUE TO CONCENTRATION CHANGE                      2.9361680D+01  -3.1061872D-02   2.9330618D+01
             RATE OF CHANGE OF ADSORBATE                                               0.0000000D+00   0.0000000D+00   0.0000000D+00
             RATE OF CHANGE IN SOLUTE DUE TO CHANGE IN MASS OF FLUID                   0.0000000D+00   0.0000000D+00   0.0000000D+00
                                                                                      --------------  --------------  --------------
             TOTAL RATE OF CHANGE OF SOLUTE [ S+, S-, S ]                              2.9361680D+01  -3.1061872D-02   2.9330618D+01

                                                                                         SUM OF          SUM OF            NET
                                                                                       PRODUCTION(+)     DECAY(-)       PROD./DECAY
                                                                                      ==============  ==============  ==============
             FIRST-ORDER PRODUCTION/DECAY OF SOLUTE                                    0.0000000D+00   0.0000000D+00   0.0000000D+00
             FIRST-ORDER PRODUCTION/DECAY OF ADSORBATE                                 0.0000000D+00   0.0000000D+00   0.0000000D+00
             ZERO-ORDER PRODUCTION/DECAY OF SOLUTE                                     0.0000000D+00   0.0000000D+00   0.0000000D+00
             ZERO-ORDER PRODUCTION/DECAY OF ADSORBATE                                  0.0000000D+00   0.0000000D+00   0.0000000D+00
                                                                                      --------------  --------------  --------------
             TOTAL RATE OF PRODUCTION/DECAY OF SOLUTE AND ADSORBATE [ P+, P-, P ]      0.0000000D+00   0.0000000D+00   0.0000000D+00

                                                                                         SUM OF          SUM OF            NET
                                                                                         GAINS(+)       LOSSES(-)       GAIN/LOSS
                                                                                      ==============  ==============  ==============
             GAIN/LOSS OF SOLUTE THROUGH FLUID SOURCES AND SINKS                       1.0000000D+03  -3.7522514D+02   6.2477486D+02
             GAIN/LOSS OF SOLUTE THROUGH INFLOWS/OUTFLOWS AT SPECIFIED P NODES         0.0000000D+00  -5.9544425D+02  -5.9544425D+02
             GAIN/LOSS OF SOLUTE THROUGH SOLUTE SOURCES AND SINKS                      0.0000000D+00   0.0000000D+00   0.0000000D+00
             GAIN/LOSS OF SOLUTE AT SPECIFIED CONCENTRATION NODES                      0.0000000D+00   0.0000000D+00   0.0000000D+00
                                                                                      --------------  --------------  --------------
             TOTAL RATE OF GAIN/LOSS OF SOLUTE                                         1.0000000D+03  -9.7066938D+02   2.9330618D+01
                 THROUGH FLOWS & SOURCES/SINKS [ F+, F-, F ]


             SOLUTE MASS BAL. ACTIVITY [ A = ((S+) - (S-) + (P+) - (P-) + (F+) - (F-))/2 ]    1.0000311D+03
             ABSOLUTE SOLUTE MASS BALANCE ERROR [ S - P - F ]                                -2.0588925D-07
             RELATIVE SOLUTE MASS BALANCE ERROR [ 100*(S - P - F)/A ]                        -2.0588285D-08 (PERCENT)

             ******** NOTE: ON THE FIRST ITERATION OF THE FIRST TIME STEP, A LARGE RELATIVE ERROR IN THE  ********
             ******** SOLUTE MASS OR ENERGY BUDGET DOES NOT NECESSARILY INDICATE AN INACCURATE TRANSPORT  ********
             ******** SOLUTION. THE BUDGET CALCULATION WILL NOT YIELD A MEANINGFUL RESULT UNLESS THE      ********
             ******** INITIAL CONDITIONS REPRESENT MUTUALLY CONSISTENT SOLUTIONS FOR FLOW AND TRANSPORT   ********
             ******** FROM A PREVIOUS SUTRA SIMULATION THAT ARE ALSO CONSISTENT WITH THE PRESENT SOURCES  ********
             ******** AND BOUNDARY CONDITIONS.                                                            ********



                      SOLUTE SOURCES OR SINKS AT FLUID SOURCES AND SINKS

                       NODE        SOURCE(+)/SINK(-)
                                (SOLUTE MASS/SECOND)

                        112            1.0000000D+03
                        276           -3.7489256D+01
                        280           -1.8663661D+02
                        284           -1.5109927D+02



                      SOLUTE SOURCES OR SINKS DUE TO FLUID INFLOWS OR OUTFLOWS AT POINTS OF SPECIFIED PRESSURE

                       NODE        SOURCE(+)/SINK(-)
                                (SOLUTE MASS/SECOND)

                          3            0.0000000D+00
                          4            0.0000000D+00
                          5            0.0000000D+00
                          6            0.0000000D+00
                          7            0.0000000D+00
                          8            0.0000000D+00
                          9            0.0000000D+00
                         10            0.0000000D+00
                         11            0.0000000D+00
                         12            0.0000000D+00
                         13            0.0000000D+00
                         14            0.0000000D+00
                         15            0.0000000D+00
                        341           -8.1797525D-01
                        342           -3.1569362D+00
                        343           -1.0512593D+01
                        344           -2.7914397D+01
                        345           -5.0817647D+01
                        346           -6.7376306D+01
                        347           -7.3870507D+01
                        348           -7.5157238D+01
                        349           -7.4154421D+01
                        350           -6.7856278D+01
                        351           -5.2714350D+01
                        352           -3.5622492D+01
                        353           -2.4450487D+01
                        354           -1.5782016D+01
                        355           -9.0260780D+00
                        356           -5.0397888D+00
                        357           -1.1747360D+00






           *** LAST SOLUTION HAS BEEN STORED IN THE RESTART DATA FILE ***








           SUTRA SIMULATION TERMINATED AT COMPLETION OF TIME STEPS
           ***** ********** ********** ** ********** ** **** *****
